1620332476616	geckodriver	INFO	Listening on 127.0.0.1:62945
1620332479671	mozrunner::runner	INFO	Running command: "C:\\Program Files\\Mozilla Firefox\\firefox.exe" "--marionette" "-foreground" "-no-remote" "-profile" "C:\\Users\\FEDEDA~1\\AppData\\Local\\Temp\\rust_mozprofile1mMnPv"
1620332480101	Marionette	INFO	Marionette enabled
console.warn: SearchSettings: "get: No settings file exists, new profile?" (new Error("", "(unknown module)"))
1620332482347	Marionette	INFO	Listening on port 62953
console.error: Region.jsm: "Error fetching region" (new TypeError("NetworkError when attempting to fetch resource.", ""))
console.error: Region.jsm: "Failed to fetch region" (new Error("NO_RESULT", "resource://gre/modules/Region.jsm", 419))
JavaScript error: resource://gre/modules/DeferredTask.jsm, line 215: Error: Unable to arm timer, the object has been finalized.
console.error: "Could not load engine bing@search.mozilla.org: TypeError: AddonManagerInternal._getProviderByName(...) is undefined"
console.error: "Could not load engine ddg@search.mozilla.org: TypeError: AddonManagerInternal._getProviderByName(...) is undefined"
console.error: "Could not load engine ebay@search.mozilla.org: TypeError: AddonManagerInternal._getProviderByName(...) is undefined"
console.warn: SearchService: "_init: abandoning init due to shutting down"
JavaScript error: resource://gre/modules/DeferredTask.jsm, line 215: Error: Unable to arm timer, the object has been finalized.
JavaScript error: resource://gre/modules/DeferredTask.jsm, line 215: Error: Unable to arm timer, the object has been finalized.
JavaScript error: resource://gre/modules/DeferredTask.jsm, line 215: Error: Unable to arm timer, the object has been finalized.
JavaScript error: resource://gre/modules/DeferredTask.jsm, line 215: Error: Unable to arm timer, the object has been finalized.
JavaScript error: resource://gre/modules/AsyncShutdown.jsm, line 575: uncaught exception: 2147500036
JavaScript error: resource://gre/modules/AsyncShutdown.jsm, line 575: uncaught exception: 2147500036
JavaScript error: resource://gre/modules/AsyncShutdown.jsm, line 575: uncaught exception: 2147500036
JavaScript error: resource://gre/modules/AsyncShutdown.jsm, line 575: uncaught exception: 2147500036
console.error: (new Error("Connection closed before committing the transaction.", "resource://gre/modules/Sqlite.jsm", 687))
JavaScript error: resource://gre/modules/AsyncShutdown.jsm, line 575: uncaught exception: 2147500036
1620332482899	Marionette	INFO	Stopped listening on port 62953

###!!! [Child][RunMessage] Error: Channel closing: too late to send/recv, messages will be lost

1620332498557	geckodriver	INFO	Listening on 127.0.0.1:62971
1620332501616	mozrunner::runner	INFO	Running command: "C:\\Program Files\\Mozilla Firefox\\firefox.exe" "--marionette" "user-agent=Mozilla/5.0 (X11; Linux x86_64) AppleWebKit/537.36 (KHTML, like Gecko) Ubuntu Chromium/71.0.3578.80 Chrome/71.0.3578.80 Safari/537.36" "-foreground" "-no-remote" "-profile" "C:\\Users\\FEDEDA~1\\AppData\\Local\\Temp\\rust_mozprofileEuDOdY"
1620332502036	Marionette	INFO	Marionette enabled
console.warn: SearchSettings: "get: No settings file exists, new profile?" (new Error("", "(unknown module)"))
1620332504791	Marionette	INFO	Listening on port 62979
1620332505288	Marionette	WARN	TLS certificate errors will be ignored for this session
1620332521945	Marionette	INFO	Stopped listening on port 62979

###!!! [Child][RunMessage] Error: Channel closing: too late to send/recv, messages will be lost

"--marionette" "user-agent=Mozilla/5.0 (X11; Linux x86_64) AppleWebKit/537.36 (KHTML, like Gecko) Ubuntu Chromium/71.0.3578.80 Chrome/71.0.3578.80 Safari/537.36" "-foreground" "-no-remote" "-profile" "C:\\Users\\FEDEDA~1\\AppData\\Local\\Temp\\rust_mozprofileuYoSNV"
1620332518578	Marionette	INFO	Marionette enabled
console.warn: SearchSettings: "get: No settings file exists, new profile?" (new Error("", "(unknown module)"))
1620332520903	Marionette	INFO	Listening on port 63040
1620332521323	Marionette	WARN	TLS certificate errors will be ignored for this session
1620332523514	Marionette	INFO	Stopped listening on port 63040

###!!! [Child][RunMessage] Error: Channel closing: too late to send/recv, messages will be lost

1620332709752	geckodriver	INFO	Listening on 127.0.0.1:63091
1620332712785	mozrunner::runner	INFO	Running command: "C:\\Program Files\\Mozilla Firefox\\firefox.exe" "--marionette" "-foreground" "-no-remote" "-profile" "C:\\Users\\FEDEDA~1\\AppData\\Local\\Temp\\rust_mozprofileQwzYLb"
1620332713211	Marionette	INFO	Marionette enabled
console.warn: SearchSettings: "get: No settings file exists, new profile?" (new Error("", "(unknown module)"))
1620332715181	Marionette	INFO	Listening on port 63099
1620332715456	Marionette	WARN	TLS certificate errors will be ignored for this session
1620332717716	Marionette	INFO	Stopped listening on port 63099

###!!! [Child][RunMessage] Error: Channel closing: too late to send/recv, messages will be lost

1620334794798	geckodriver	INFO	Listening on 127.0.0.1:63746
1620334797829	mozrunner::runner	INFO	Running command: "C:\\Program Files\\Mozilla Firefox\\firefox.exe" "--marionette" "-foreground" "-no-remote" "-profile" "C:\\Users\\FEDEDA~1\\AppData\\Local\\Temp\\rust_mozprofilewgNONP"
1620334798249	Marionette	INFO	Marionette enabled
console.warn: SearchSettings: "get: No settings file exists, new profile?" (new Error("", "(unknown module)"))
1620334800417	Marionette	INFO	Listening on port 63755
1620334800508	Marionette	WARN	TLS certificate errors will be ignored for this session
1620334824124	Marionette	INFO	Stopped listening on port 63755

###!!! [Child][RunMessage] Error: Channel closing: too late to send/recv, messages will be lost

1620334852242	geckodriver	INFO	Listening on 127.0.0.1:63877
1620334855269	mozrunner::runner	INFO	Running command: "C:\\Program Files\\Mozilla Firefox\\firefox.exe" "--marionette" "-foreground" "-no-remote" "-profile" "C:\\Users\\FEDEDA~1\\AppData\\Local\\Temp\\rust_mozprofileadgAzy"
1620334855634	Marionette	INFO	Marionette enabled
console.warn: SearchSettings: "get: No settings file exists, new profile?" (new Error("", "(unknown module)"))
1620334857715	Marionette	INFO	Listening on port 63888
1620334857947	Marionette	WARN	TLS certificate errors will be ignored for this session
1620334865426	Marionette	INFO	Stopped listening on port 63888

###!!! [Child][RunMessage] Error: Channel closing: too late to send/recv, messages will be lost

"--marionette" "-foreground" "-no-remote" "-profile" "C:\\Users\\FEDEDA~1\\AppData\\Local\\Temp\\rust_mozprofile4SthOK"
1620334865737	Marionette	INFO	Marionette enabled
console.warn: SearchSettings: "get: No settings file exists, new profile?" (new Error("", "(unknown module)"))
1620334867935	Marionette	INFO	Listening on port 63957
1620334867996	Marionette	WARN	TLS certificate errors will be ignored for this session
console.warn: services.settings: main/message-groups sync interrupted by shutdown
console.error: services.settings: 
  main/fxmonitor-breaches Signature failed  TypeError: NetworkError when attempting to fetch resource.
console.error: SearchService: "maybeReloadEngines failed" (new TypeError("AddonManagerInternal._getProviderByName(...) is undefined", "resource://gre/modules/AddonManager.jsm", 2556))
1620334869054	Marionette	INFO	Stopped listening on port 63957

###!!! [Child][RunMessage] Error: Channel closing: too late to send/recv, messages will be lost

1620334870169	geckodriver	INFO	Listening on 127.0.0.1:63986
1620334873248	mozrunner::runner	INFO	Running command: "C:\\Program Files\\Mozilla Firefox\\firefox.exe" "--marionette" "-foreground" "-no-remote" "-profile" "C:\\Users\\FEDEDA~1\\AppData\\Local\\Temp\\rust_mozprofileHKAbA3"
1620334873604	Marionette	INFO	Marionette enabled
console.warn: SearchSettings: "get: No settings file exists, new profile?" (new Error("", "(unknown module)"))
1620334875598	Marionette	INFO	Listening on port 63996
1620334875900	Marionette	WARN	TLS certificate errors will be ignored for this session
1620334881623	Marionette	INFO	Stopped listening on port 63996

###!!! [Child][RunMessage] Error: Channel closing: too late to send/recv, messages will be lost

1620336239765	geckodriver	INFO	Listening on 127.0.0.1:64706
1620336242843	mozrunner::runner	INFO	Running command: "C:\\Program Files\\Mozilla Firefox\\firefox.exe" "--marionette" "-foreground" "-no-remote" "-profile" "C:\\Users\\FEDEDA~1\\AppData\\Local\\Temp\\rust_mozprofileInfRXP"
1620336243201	Marionette	INFO	Marionette enabled
console.warn: SearchSettings: "get: No settings file exists, new profile?" (new Error("", "(unknown module)"))
1620336245516	Marionette	INFO	Listening on port 64716
1620336246026	Marionette	WARN	TLS certificate errors will be ignored for this session
1620336246054	geckodriver	INFO	Listening on 127.0.0.1:64745
1620336249077	mozrunner::runner	INFO	Running command: "C:\\Program Files\\Mozilla Firefox\\firefox.exe" "--marionette" "-foreground" "-no-remote" "-profile" "C:\\Users\\FEDEDA~1\\AppData\\Local\\Temp\\rust_mozprofile7pdarx"
1620336249492	Marionette	INFO	Marionette enabled
console.warn: SearchSettings: "get: No settings file exists, new profile?" (new Error("", "(unknown module)"))
1620336251642	Marionette	INFO	Listening on port 64764
1620336251735	Marionette	WARN	TLS certificate errors will be ignored for this session
1620336251781	geckodriver	INFO	Listening on 127.0.0.1:64787
1620336254794	mozrunner::runner	INFO	Running command: "C:\\Program Files\\Mozilla Firefox\\firefox.exe" "--marionette" "-foreground" "-no-remote" "-profile" "C:\\Users\\FEDEDA~1\\AppData\\Local\\Temp\\rust_mozprofileHDFVj6"
1620336255240	Marionette	INFO	Marionette enabled
1620336262344	geckodriver	INFO	Listening on 127.0.0.1:64825
1620336265382	mozrunner::runner	INFO	Running command: "C:\\Program Files\\Mozilla Firefox\\firefox.exe" "--marionette" "-foreground" "-no-remote" "-profile" "C:\\Users\\FEDEDA~1\\AppData\\Local\\Temp\\rust_mozprofilekaLr9f"
1620336265748	Marionette	INFO	Marionette enabled
console.warn: SearchSettings: "get: No settings file exists, new profile?" (new Error("", "(unknown module)"))
1620336267879	Marionette	INFO	Listening on port 64834
1620336268086	Marionette	WARN	TLS certificate errors will be ignored for this session
1620336280749	Marionette	INFO	Stopped listening on port 64834

###!!! [Child][RunMessage] Error: Channel closing: too late to send/recv, messages will be lost

1620336694402	geckodriver	INFO	Listening on 127.0.0.1:65101
1620336697445	mozrunner::runner	INFO	Running command: "C:\\Program Files\\Mozilla Firefox\\firefox.exe" "--marionette" "-foreground" "-no-remote" "-profile" "C:\\Users\\FEDEDA~1\\AppData\\Local\\Temp\\rust_mozprofileNhGskE"
1620336697802	Marionette	INFO	Marionette enabled
console.warn: SearchSettings: "get: No settings file exists, new profile?" (new Error("", "(unknown module)"))
1620336699983	Marionette	INFO	Listening on port 65110
1620336700111	Marionette	WARN	TLS certificate errors will be ignored for this session

###!!! [Child][RunMessage] Error: Channel closing: too late to send/recv, messages will be lost

1620336765324	Marionette	INFO	Stopped listening on port 65110

###!!! [Child][RunMessage] Error: Channel closing: too late to send/recv, messages will be lost

1620336766674	geckodriver	INFO	Listening on 127.0.0.1:65221
1620336769744	mozrunner::runner	INFO	Running command: "C:\\Program Files\\Mozilla Firefox\\firefox.exe" "--marionette" "-foreground" "-no-remote" "-profile" "C:\\Users\\FEDEDA~1\\AppData\\Local\\Temp\\rust_mozprofileQEXiFe"
1620336770107	Marionette	INFO	Marionette enabled
console.warn: SearchSettings: "get: No settings file exists, new profile?" (new Error("", "(unknown module)"))
1620336772245	Marionette	INFO	Listening on port 65230
1620336772401	Marionette	WARN	TLS certificate errors will be ignored for this session
1620336871463	Marionette	INFO	Stopped listening on port 65230

###!!! [Child][RunMessage] Error: Channel closing: too late to send/recv, messages will be lost

1620336880220	geckodriver	INFO	Listening on 127.0.0.1:65389
1620336883285	mozrunner::runner	INFO	Running command: "C:\\Program Files\\Mozilla Firefox\\firefox.exe" "--marionette" "-foreground" "-no-remote" "-profile" "C:\\Users\\FEDEDA~1\\AppData\\Local\\Temp\\rust_mozprofilelBjal5"
1620336883686	Marionette	INFO	Marionette enabled
console.warn: SearchSettings: "get: No settings file exists, new profile?" (new Error("", "(unknown module)"))
1620336886233	Marionette	INFO	Listening on port 65400
1620336886460	Marionette	WARN	TLS certificate errors will be ignored for this session
1620336945882	Marionette	INFO	Stopped listening on port 65400

###!!! [Child][RunMessage] Error: Channel closing: too late to send/recv, messages will be lost

1620337247056	geckodriver	INFO	Listening on 127.0.0.1:49293
1620337250098	mozrunner::runner	INFO	Running command: "C:\\Program Files\\Mozilla Firefox\\firefox.exe" "--marionette" "-foreground" "-no-remote" "-profile" "C:\\Users\\FEDEDA~1\\AppData\\Local\\Temp\\rust_mozprofileRFxRkZ"
1620337250512	Marionette	INFO	Marionette enabled
console.warn: SearchSettings: "get: No settings file exists, new profile?" (new Error("", "(unknown module)"))
1620337252801	Marionette	INFO	Listening on port 49302
1620337253259	Marionette	WARN	TLS certificate errors will be ignored for this session
1620337265214	Marionette	INFO	Stopped listening on port 49302

###!!! [Child][RunMessage] Error: Channel closing: too late to send/recv, messages will be lost

1620337283429	geckodriver	INFO	Listening on 127.0.0.1:49394
1620337286459	mozrunner::runner	INFO	Running command: "C:\\Program Files\\Mozilla Firefox\\firefox.exe" "--marionette" "-foreground" "-no-remote" "-profile" "C:\\Users\\FEDEDA~1\\AppData\\Local\\Temp\\rust_mozprofilen2ynyp"
1620337286843	Marionette	INFO	Marionette enabled
console.warn: SearchSettings: "get: No settings file exists, new profile?" (new Error("", "(unknown module)"))
1620337288988	Marionette	INFO	Listening on port 49403
1620337289130	Marionette	WARN	TLS certificate errors will be ignored for this session

###!!! [Child][MessageChannel] Error: (msgtype=0x5B0004,name=PHttpChannel::Msg_Cancel) Channel closing: too late to send/recv, messages will be lost


###!!! [Child][MessageChannel] Error: (msgtype=0x5B0009,name=PHttpChannel::Msg_DeletingChannel) Channel closing: too late to send/recv, messages will be lost

1620337443057	Marionette	INFO	Stopped listening on port 49403
1620337462539	geckodriver	INFO	Listening on 127.0.0.1:49586
1620337465570	mozrunner::runner	INFO	Running command: "C:\\Program Files\\Mozilla Firefox\\firefox.exe" "--marionette" "-foreground" "-no-remote" "-profile" "C:\\Users\\FEDEDA~1\\AppData\\Local\\Temp\\rust_mozprofileFPdS1p"
1620337466284	Marionette	INFO	Marionette enabled
console.warn: SearchSettings: "get: No settings file exists, new profile?" (new Error("", "(unknown module)"))
1620337469037	Marionette	INFO	Listening on port 49596
1620337469235	Marionette	WARN	TLS certificate errors will be ignored for this session
1620337530385	Marionette	INFO	Stopped listening on port 49596

###!!! [Child][RunMessage] Error: Channel closing: too late to send/recv, messages will be lost

1620337531956	geckodriver	INFO	Listening on 127.0.0.1:49755
1620337534981	mozrunner::runner	INFO	Running command: "C:\\Program Files\\Mozilla Firefox\\firefox.exe" "--marionette" "-foreground" "-no-remote" "-profile" "C:\\Users\\FEDEDA~1\\AppData\\Local\\Temp\\rust_mozprofileNV5lL1"
1620337535352	Marionette	INFO	Marionette enabled
console.warn: SearchSettings: "get: No settings file exists, new profile?" (new Error("", "(unknown module)"))
1620337537671	Marionette	INFO	Listening on port 49765
1620337538136	Marionette	WARN	TLS certificate errors will be ignored for this session
1620337543827	Marionette	INFO	Stopped listening on port 49765

###!!! [Child][RunMessage] Error: Channel closing: too late to send/recv, messages will be lost

1620337554955	geckodriver	INFO	Listening on 127.0.0.1:49839
1620337557983	mozrunner::runner	INFO	Running command: "C:\\Program Files\\Mozilla Firefox\\firefox.exe" "--marionette" "-foreground" "-no-remote" "-profile" "C:\\Users\\FEDEDA~1\\AppData\\Local\\Temp\\rust_mozprofileWzjWkl"
1620337558341	Marionette	INFO	Marionette enabled
console.warn: SearchSettings: "get: No settings file exists, new profile?" (new Error("", "(unknown module)"))
1620337560508	Marionette	INFO	Listening on port 49849
1620337560668	Marionette	WARN	TLS certificate errors will be ignored for this session
JavaScript error: resource://devtools/shared/protocol/Front.js, line 99: Error: Connection closed, pending request to server0.conn0.child4/domnode692, type setNodeValue failed

Request stack:
request@resource://devtools/shared/protocol/Front.js:285:14
generateRequestMethods/</frontProto[name]@resource://devtools/shared/protocol/Front/FrontClassWithSpec.js:46:19
showTextEditor/done/</<@resource://devtools/client/inspector/markup/views/text-editor.js:101:25
do@resource://devtools/client/shared/undo.js:70:16
endBatch@resource://devtools/client/shared/undo.js:81:11
do@resource://devtools/client/shared/undo.js:93:10
showTextEditor/done/<@resource://devtools/client/inspector/markup/views/text-editor.js:99:31
process@resource://gre/modules/Promise-backend.js:961:38
walkerLoop@resource://gre/modules/Promise-backend.js:845:29
Promise*scheduleWalkerLoop@resource://gre/modules/Promise-backend.js:775:19
schedulePromise@resource://gre/modules/Promise-backend.js:809:12
completePromise@resource://gre/modules/Promise-backend.js:741:12

1620337653523	Marionette	INFO	Stopped listening on port 49849

###!!! [Child][RunMessage] Error: Channel closing: too late to send/recv, messages will be lost

1620337663682	geckodriver	INFO	Listening on 127.0.0.1:50015
1620337666712	mozrunner::runner	INFO	Running command: "C:\\Program Files\\Mozilla Firefox\\firefox.exe" "--marionette" "-foreground" "-no-remote" "-profile" "C:\\Users\\FEDEDA~1\\AppData\\Local\\Temp\\rust_mozprofilezlKxPY"
1620337667086	Marionette	INFO	Marionette enabled
console.warn: SearchSettings: "get: No settings file exists, new profile?" (new Error("", "(unknown module)"))
1620337669036	Marionette	INFO	Listening on port 50024
1620337669364	Marionette	WARN	TLS certificate errors will be ignored for this session
1620337732444	Marionette	INFO	Stopped listening on port 50024

###!!! [Child][RunMessage] Error: Channel closing: too late to send/recv, messages will be lost

1620337743559	geckodriver	INFO	Listening on 127.0.0.1:50157
1620337746606	mozrunner::runner	INFO	Running command: "C:\\Program Files\\Mozilla Firefox\\firefox.exe" "--marionette" "-foreground" "-no-remote" "-profile" "C:\\Users\\FEDEDA~1\\AppData\\Local\\Temp\\rust_mozprofile8VUuDz"
1620337747020	Marionette	INFO	Marionette enabled
console.warn: SearchSettings: "get: No settings file exists, new profile?" (new Error("", "(unknown module)"))
1620337749277	Marionette	INFO	Listening on port 50166
1620337749775	Marionette	WARN	TLS certificate errors will be ignored for this session

###!!! [Child][RunMessage] Error: Channel closing: too late to send/recv, messages will be lost

1620337793137	Marionette	INFO	Stopped listening on port 50166

###!!! [Child][RunMessage] Error: Channel closing: too late to send/recv, messages will be lost

1620337804165	geckodriver	INFO	Listening on 127.0.0.1:50298
1620337807212	mozrunner::runner	INFO	Running command: "C:\\Program Files\\Mozilla Firefox\\firefox.exe" "--marionette" "-foreground" "-no-remote" "-profile" "C:\\Users\\FEDEDA~1\\AppData\\Local\\Temp\\rust_mozprofileHHRm7w"
1620337807573	Marionette	INFO	Marionette enabled
console.warn: SearchSettings: "get: No settings file exists, new profile?" (new Error("", "(unknown module)"))
1620337809698	Marionette	INFO	Listening on port 50307
1620337809879	Marionette	WARN	TLS certificate errors will be ignored for this session
[Child 16152, IPC I/O Child] WARNING: pipe error: 232: file /builds/worker/checkouts/gecko/ipc/chromium/src/chrome/common/ipc_channel_win.cc:544
[Child 16152, IPC I/O Child] WARNING: pipe error: 232: file /builds/worker/checkouts/gecko/ipc/chromium/src/chrome/common/ipc_channel_win.cc:544
1620337981123	Marionette	INFO	Stopped listening on port 50307

###!!! [Child][RunMessage] Error: Channel closing: too late to send/recv, messages will be lost

1620337982628	geckodriver	INFO	Listening on 127.0.0.1:50485
1620337985684	mozrunner::runner	INFO	Running command: "C:\\Program Files\\Mozilla Firefox\\firefox.exe" "--marionette" "-foreground" "-no-remote" "-profile" "C:\\Users\\FEDEDA~1\\AppData\\Local\\Temp\\rust_mozprofilexz0Ynk"
1620337986134	Marionette	INFO	Marionette enabled
console.warn: SearchSettings: "get: No settings file exists, new profile?" (new Error("", "(unknown module)"))
1620337988445	Marionette	INFO	Listening on port 50497
1620337988858	Marionette	WARN	TLS certificate errors will be ignored for this session
console.error: services.settings: 
  main/message-groups Signature failed  TypeError: NetworkError when attempting to fetch resource.
console.error: services.settings: 
  main/partitioning-exempt-urls Signature failed  TypeError: NetworkError when attempting to fetch resource.
console.error: services.settings: 
  main/fxmonitor-breaches Signature failed  TypeError: NetworkError when attempting to fetch resource.
JavaScript error: , line 0: AbortError: A request was aborted, for example through a call to IDBTransaction.abort.
1620337993099	Marionette	INFO	Stopped listening on port 50497

###!!! [Child][RunMessage] Error: Channel closing: too late to send/recv, messages will be lost

1620338000707	geckodriver	INFO	Listening on 127.0.0.1:50558
1620338003734	mozrunner::runner	INFO	Running command: "C:\\Program Files\\Mozilla Firefox\\firefox.exe" "--marionette" "-foreground" "-no-remote" "-profile" "C:\\Users\\FEDEDA~1\\AppData\\Local\\Temp\\rust_mozprofileUgk2ei"
1620338004131	Marionette	INFO	Marionette enabled
console.warn: SearchSettings: "get: No settings file exists, new profile?" (new Error("", "(unknown module)"))
1620338006178	Marionette	INFO	Listening on port 50568
1620338006420	Marionette	WARN	TLS certificate errors will be ignored for this session
1620338095571	Marionette	INFO	Stopped listening on port 50568

###!!! [Child][RunMessage] Error: Channel closing: too late to send/recv, messages will be lost

1620338103847	geckodriver	INFO	Listening on 127.0.0.1:50720
1620338106916	mozrunner::runner	INFO	Running command: "C:\\Program Files\\Mozilla Firefox\\firefox.exe" "--marionette" "-foreground" "-no-remote" "-profile" "C:\\Users\\FEDEDA~1\\AppData\\Local\\Temp\\rust_mozprofileRCI3gp"
1620338107384	Marionette	INFO	Marionette enabled
console.warn: SearchSettings: "get: No settings file exists, new profile?" (new Error("", "(unknown module)"))
1620338109266	Marionette	INFO	Listening on port 50729
1620338109597	Marionette	WARN	TLS certificate errors will be ignored for this session
1620338124325	Marionette	WARN	TimedPromise timed out after 500 ms: stacktrace:
TimedPromise/<@chrome://marionette/content/sync.js:237:19
TimedPromise@chrome://marionette/content/sync.js:222:10
interaction.flushEventLoop@chrome://marionette/content/interaction.js:431:10
webdriverClickElement@chrome://marionette/content/interaction.js:179:31
console.error: (new TypeError("parent is null", "resource://devtools/client/inspector/shared/style-change-tracker.js", 67))
TypeError: parent is null: canMutationImpactCurrentStyles@resource://devtools/client/inspector/shared/style-change-tracker.js:67:24
onMutations@resource://devtools/client/inspector/shared/style-change-tracker.js:84:41
_emit@resource://devtools/shared/event-emitter.js:226:34
emit@resource://devtools/shared/event-emitter.js:172:18
emit@resource://devtools/shared/event-emitter.js:324:18
getMutations@resource://devtools/client/fronts/walker.js:358:10

1620338328529	Marionette	INFO	Stopped listening on port 50729

###!!! [Child][RunMessage] Error: Channel closing: too late to send/recv, messages will be lost

1620338335697	geckodriver	INFO	Listening on 127.0.0.1:50933
1620338338775	mozrunner::runner	INFO	Running command: "C:\\Program Files\\Mozilla Firefox\\firefox.exe" "--marionette" "-foreground" "-no-remote" "-profile" "C:\\Users\\FEDEDA~1\\AppData\\Local\\Temp\\rust_mozprofileMp0C9K"
1620338339423	Marionette	INFO	Marionette enabled
console.warn: SearchSettings: "get: No settings file exists, new profile?" (new Error("", "(unknown module)"))
1620338341783	Marionette	INFO	Listening on port 50944
1620338341969	Marionette	WARN	TLS certificate errors will be ignored for this session
1620338354879	Marionette	WARN	TimedPromise timed out after 500 ms: stacktrace:
TimedPromise/<@chrome://marionette/content/sync.js:237:19
TimedPromise@chrome://marionette/content/sync.js:222:10
interaction.flushEventLoop@chrome://marionette/content/interaction.js:431:10
webdriverClickElement@chrome://marionette/content/interaction.js:179:31
1620338355612	Marionette	WARN	TimedPromise timed out after 500 ms: stacktrace:
TimedPromise/<@chrome://marionette/content/sync.js:237:19
TimedPromise@chrome://marionette/content/sync.js:222:10
interaction.flushEventLoop@chrome://marionette/content/interaction.js:431:10
webdriverClickElement@chrome://marionette/content/interaction.js:179:31
1620338356351	Marionette	WARN	TimedPromise timed out after 500 ms: stacktrace:
TimedPromise/<@chrome://marionette/content/sync.js:237:19
TimedPromise@chrome://marionette/content/sync.js:222:10
interaction.flushEventLoop@chrome://marionette/content/interaction.js:431:10
webdriverClickElement@chrome://marionette/content/interaction.js:179:31
1620338385172	Marionette	INFO	Stopped listening on port 50944

###!!! [Child][RunMessage] Error: Channel closing: too late to send/recv, messages will be lost

1620338394670	geckodriver	INFO	Listening on 127.0.0.1:51064
1620338397724	mozrunner::runner	INFO	Running command: "C:\\Program Files\\Mozilla Firefox\\firefox.exe" "--marionette" "-foreground" "-no-remote" "-profile" "C:\\Users\\FEDEDA~1\\AppData\\Local\\Temp\\rust_mozprofileP4ibh4"
1620338398114	Marionette	INFO	Marionette enabled
console.warn: SearchSettings: "get: No settings file exists, new profile?" (new Error("", "(unknown module)"))
1620338400411	Marionette	INFO	Listening on port 51073
1620338400904	Marionette	WARN	TLS certificate errors will be ignored for this session
1620338411821	Marionette	WARN	TimedPromise timed out after 500 ms: stacktrace:
TimedPromise/<@chrome://marionette/content/sync.js:237:19
TimedPromise@chrome://marionette/content/sync.js:222:10
interaction.flushEventLoop@chrome://marionette/content/interaction.js:431:10
webdriverClickElement@chrome://marionette/content/interaction.js:179:31
1620338413553	Marionette	WARN	TimedPromise timed out after 500 ms: stacktrace:
TimedPromise/<@chrome://marionette/content/sync.js:237:19
TimedPromise@chrome://marionette/content/sync.js:222:10
interaction.flushEventLoop@chrome://marionette/content/interaction.js:431:10
webdriverClickElement@chrome://marionette/content/interaction.js:179:31
1620338414271	Marionette	WARN	TimedPromise timed out after 500 ms: stacktrace:
TimedPromise/<@chrome://marionette/content/sync.js:237:19
TimedPromise@chrome://marionette/content/sync.js:222:10
interaction.flushEventLoop@chrome://marionette/content/interaction.js:431:10
webdriverClickElement@chrome://marionette/content/interaction.js:179:31
console.error: (new TypeError("container.node.targetFront is null", "resource://devtools/client/inspector/markup/markup.js", 2310))
console.error: (new TypeError("container.node.targetFront is null", "resource://devtools/client/inspector/markup/markup.js", 2310))
console.error: (new TypeError("parent is null", "resource://devtools/client/inspector/shared/style-change-tracker.js", 67))
TypeError: parent is null: canMutationImpactCurrentStyles@resource://devtools/client/inspector/shared/style-change-tracker.js:67:24
onMutations@resource://devtools/client/inspector/shared/style-change-tracker.js:84:41
_emit@resource://devtools/shared/event-emitter.js:226:34
emit@resource://devtools/shared/event-emitter.js:172:18
emit@resource://devtools/shared/event-emitter.js:324:18
getMutations@resource://devtools/client/fronts/walker.js:358:10

console.error: (new TypeError("container.node.targetFront is null", "resource://devtools/client/inspector/markup/markup.js", 2310))
console.error: (new TypeError("container.node.targetFront is null", "resource://devtools/client/inspector/markup/markup.js", 2310))
console.error: (new TypeError("parent is null", "resource://devtools/client/inspector/shared/style-change-tracker.js", 67))
TypeError: parent is null: canMutationImpactCurrentStyles@resource://devtools/client/inspector/shared/style-change-tracker.js:67:24
onMutations@resource://devtools/client/inspector/shared/style-change-tracker.js:84:41
_emit@resource://devtools/shared/event-emitter.js:226:34
emit@resource://devtools/shared/event-emitter.js:172:18
emit@resource://devtools/shared/event-emitter.js:324:18
getMutations@resource://devtools/client/fronts/walker.js:358:10

console.error: (new TypeError("parent is null", "resource://devtools/client/inspector/shared/style-change-tracker.js", 67))
TypeError: parent is null: canMutationImpactCurrentStyles@resource://devtools/client/inspector/shared/style-change-tracker.js:67:24
onMutations@resource://devtools/client/inspector/shared/style-change-tracker.js:84:41
_emit@resource://devtools/shared/event-emitter.js:226:34
emit@resource://devtools/shared/event-emitter.js:172:18
emit@resource://devtools/shared/event-emitter.js:324:18
getMutations@resource://devtools/client/fronts/walker.js:358:10

1620338533629	Marionette	INFO	Stopped listening on port 51073

###!!! [Child][RunMessage] Error: Channel closing: too late to send/recv, messages will be lost

1620338540813	geckodriver	INFO	Listening on 127.0.0.1:51228
1620338543856	mozrunner::runner	INFO	Running command: "C:\\Program Files\\Mozilla Firefox\\firefox.exe" "--marionette" "-foreground" "-no-remote" "-profile" "C:\\Users\\FEDEDA~1\\AppData\\Local\\Temp\\rust_mozprofileDJAB41"
1620338544241	Marionette	INFO	Marionette enabled
console.warn: SearchSettings: "get: No settings file exists, new profile?" (new Error("", "(unknown module)"))
1620338546510	Marionette	INFO	Listening on port 51238
1620338546763	Marionette	WARN	TLS certificate errors will be ignored for this session
1620338560616	Marionette	WARN	TimedPromise timed out after 500 ms: stacktrace:
TimedPromise/<@chrome://marionette/content/sync.js:237:19
TimedPromise@chrome://marionette/content/sync.js:222:10
interaction.flushEventLoop@chrome://marionette/content/interaction.js:431:10
webdriverClickElement@chrome://marionette/content/interaction.js:179:31
1620338562352	Marionette	WARN	TimedPromise timed out after 500 ms: stacktrace:
TimedPromise/<@chrome://marionette/content/sync.js:237:19
TimedPromise@chrome://marionette/content/sync.js:222:10
interaction.flushEventLoop@chrome://marionette/content/interaction.js:431:10
webdriverClickElement@chrome://marionette/content/interaction.js:179:31
1620338563076	Marionette	WARN	TimedPromise timed out after 500 ms: stacktrace:
TimedPromise/<@chrome://marionette/content/sync.js:237:19
TimedPromise@chrome://marionette/content/sync.js:222:10
interaction.flushEventLoop@chrome://marionette/content/interaction.js:431:10
webdriverClickElement@chrome://marionette/content/interaction.js:179:31
1620338620371	Marionette	INFO	Stopped listening on port 51238

###!!! [Child][RunMessage] Error: Channel closing: too late to send/recv, messages will be lost

1620338628826	geckodriver	INFO	Listening on 127.0.0.1:51387
1620338631892	mozrunner::runner	INFO	Running command: "C:\\Program Files\\Mozilla Firefox\\firefox.exe" "--marionette" "-foreground" "-no-remote" "-profile" "C:\\Users\\FEDEDA~1\\AppData\\Local\\Temp\\rust_mozprofileirCtPm"
1620338632304	Marionette	INFO	Marionette enabled
console.warn: SearchSettings: "get: No settings file exists, new profile?" (new Error("", "(unknown module)"))
1620338634547	Marionette	INFO	Listening on port 51397
1620338635050	Marionette	WARN	TLS certificate errors will be ignored for this session
[Parent 15880, IPC I/O Parent] WARNING: file /builds/worker/checkouts/gecko/ipc/chromium/src/base/process_util_win.cc:167
1620338643930	Marionette	INFO	Stopped listening on port 51397

###!!! [Child][RunMessage] Error: Channel closing: too late to send/recv, messages will be lost

1620338650421	geckodriver	INFO	Listening on 127.0.0.1:51476
1620338653465	mozrunner::runner	INFO	Running command: "C:\\Program Files\\Mozilla Firefox\\firefox.exe" "--marionette" "-foreground" "-no-remote" "-profile" "C:\\Users\\FEDEDA~1\\AppData\\Local\\Temp\\rust_mozprofilemJJxkW"
1620338653843	Marionette	INFO	Marionette enabled
console.warn: SearchSettings: "get: No settings file exists, new profile?" (new Error("", "(unknown module)"))
1620338656074	Marionette	INFO	Listening on port 51485
1620338656145	Marionette	WARN	TLS certificate errors will be ignored for this session
1620338671259	Marionette	WARN	TimedPromise timed out after 500 ms: stacktrace:
TimedPromise/<@chrome://marionette/content/sync.js:237:19
TimedPromise@chrome://marionette/content/sync.js:222:10
interaction.flushEventLoop@chrome://marionette/content/interaction.js:431:10
webdriverClickElement@chrome://marionette/content/interaction.js:179:31
1620338672995	Marionette	WARN	TimedPromise timed out after 500 ms: stacktrace:
TimedPromise/<@chrome://marionette/content/sync.js:237:19
TimedPromise@chrome://marionette/content/sync.js:222:10
interaction.flushEventLoop@chrome://marionette/content/interaction.js:431:10
webdriverClickElement@chrome://marionette/content/interaction.js:179:31
1620338673719	Marionette	WARN	TimedPromise timed out after 500 ms: stacktrace:
TimedPromise/<@chrome://marionette/content/sync.js:237:19
TimedPromise@chrome://marionette/content/sync.js:222:10
interaction.flushEventLoop@chrome://marionette/content/interaction.js:431:10
webdriverClickElement@chrome://marionette/content/interaction.js:179:31
1620338770242	Marionette	INFO	Stopped listening on port 51485

###!!! [Child][RunMessage] Error: Channel closing: too late to send/recv, messages will be lost

1620338777971	geckodriver	INFO	Listening on 127.0.0.1:51678
1620338781021	mozrunner::runner	INFO	Running command: "C:\\Program Files\\Mozilla Firefox\\firefox.exe" "--marionette" "-foreground" "-no-remote" "-profile" "C:\\Users\\FEDEDA~1\\AppData\\Local\\Temp\\rust_mozprofilebQkRj8"
1620338781512	Marionette	INFO	Marionette enabled
console.warn: SearchSettings: "get: No settings file exists, new profile?" (new Error("", "(unknown module)"))
1620338784026	Marionette	INFO	Listening on port 51687
1620338784243	Marionette	WARN	TLS certificate errors will be ignored for this session
1620338797304	Marionette	WARN	TimedPromise timed out after 500 ms: stacktrace:
TimedPromise/<@chrome://marionette/content/sync.js:237:19
TimedPromise@chrome://marionette/content/sync.js:222:10
interaction.flushEventLoop@chrome://marionette/content/interaction.js:431:10
webdriverClickElement@chrome://marionette/content/interaction.js:179:31
1620338799033	Marionette	WARN	TimedPromise timed out after 500 ms: stacktrace:
TimedPromise/<@chrome://marionette/content/sync.js:237:19
TimedPromise@chrome://marionette/content/sync.js:222:10
interaction.flushEventLoop@chrome://marionette/content/interaction.js:431:10
webdriverClickElement@chrome://marionette/content/interaction.js:179:31
1620338799765	Marionette	WARN	TimedPromise timed out after 500 ms: stacktrace:
TimedPromise/<@chrome://marionette/content/sync.js:237:19
TimedPromise@chrome://marionette/content/sync.js:222:10
interaction.flushEventLoop@chrome://marionette/content/interaction.js:431:10
webdriverClickElement@chrome://marionette/content/interaction.js:179:31
1620338801500	Marionette	WARN	TimedPromise timed out after 500 ms: stacktrace:
TimedPromise/<@chrome://marionette/content/sync.js:237:19
TimedPromise@chrome://marionette/content/sync.js:222:10
interaction.flushEventLoop@chrome://marionette/content/interaction.js:431:10
webdriverClickElement@chrome://marionette/content/interaction.js:179:31
1620338803025	Marionette	WARN	Ignoring event 'DOMContentLoaded' because document has an invalid readyState of 'complete'.
[Child 9824, IPC I/O Child] WARNING: pipe error: 232: file /builds/worker/checkouts/gecko/ipc/chromium/src/chrome/common/ipc_channel_win.cc:544
1620338833672	Marionette	INFO	Stopped listening on port 51687

###!!! [Child][RunMessage] Error: Channel closing: too late to send/recv, messages will be lost

1620338842318	geckodriver	INFO	Listening on 127.0.0.1:51824
1620338845379	mozrunner::runner	INFO	Running command: "C:\\Program Files\\Mozilla Firefox\\firefox.exe" "--marionette" "-foreground" "-no-remote" "-profile" "C:\\Users\\FEDEDA~1\\AppData\\Local\\Temp\\rust_mozprofilezSKPXE"
1620338845798	Marionette	INFO	Marionette enabled
console.warn: SearchSettings: "get: No settings file exists, new profile?" (new Error("", "(unknown module)"))
1620338847947	Marionette	INFO	Listening on port 51834
1620338848051	Marionette	WARN	TLS certificate errors will be ignored for this session
1620338859508	Marionette	WARN	TimedPromise timed out after 500 ms: stacktrace:
TimedPromise/<@chrome://marionette/content/sync.js:237:19
TimedPromise@chrome://marionette/content/sync.js:222:10
interaction.flushEventLoop@chrome://marionette/content/interaction.js:431:10
webdriverClickElement@chrome://marionette/content/interaction.js:179:31
1620338861242	Marionette	WARN	TimedPromise timed out after 500 ms: stacktrace:
TimedPromise/<@chrome://marionette/content/sync.js:237:19
TimedPromise@chrome://marionette/content/sync.js:222:10
interaction.flushEventLoop@chrome://marionette/content/interaction.js:431:10
webdriverClickElement@chrome://marionette/content/interaction.js:179:31
1620338861956	Marionette	WARN	TimedPromise timed out after 500 ms: stacktrace:
TimedPromise/<@chrome://marionette/content/sync.js:237:19
TimedPromise@chrome://marionette/content/sync.js:222:10
interaction.flushEventLoop@chrome://marionette/content/interaction.js:431:10
webdriverClickElement@chrome://marionette/content/interaction.js:179:31
1620338863698	Marionette	WARN	TimedPromise timed out after 500 ms: stacktrace:
TimedPromise/<@chrome://marionette/content/sync.js:237:19
TimedPromise@chrome://marionette/content/sync.js:222:10
interaction.flushEventLoop@chrome://marionette/content/interaction.js:431:10
webdriverClickElement@chrome://marionette/content/interaction.js:179:31
1620338913725	Marionette	INFO	Stopped listening on port 51834

###!!! [Child][RunMessage] Error: Channel closing: too late to send/recv, messages will be lost

1620338917441	geckodriver	INFO	Listening on 127.0.0.1:51978
1620338920513	mozrunner::runner	INFO	Running command: "C:\\Program Files\\Mozilla Firefox\\firefox.exe" "--marionette" "-foreground" "-no-remote" "-profile" "C:\\Users\\FEDEDA~1\\AppData\\Local\\Temp\\rust_mozprofileXnXuKS"
1620338920934	Marionette	INFO	Marionette enabled
console.warn: SearchSettings: "get: No settings file exists, new profile?" (new Error("", "(unknown module)"))
1620338923283	Marionette	INFO	Listening on port 51988
1620338923667	Marionette	WARN	TLS certificate errors will be ignored for this session

###!!! [Child][RunMessage] Error: Channel closing: too late to send/recv, messages will be lost

1620338928935	Marionette	INFO	Stopped listening on port 51988

###!!! [Child][RunMessage] Error: Channel closing: too late to send/recv, messages will be lost

1620338938423	geckodriver	INFO	Listening on 127.0.0.1:52051
1620338941491	mozrunner::runner	INFO	Running command: "C:\\Program Files\\Mozilla Firefox\\firefox.exe" "--marionette" "-foreground" "-no-remote" "-profile" "C:\\Users\\FEDEDA~1\\AppData\\Local\\Temp\\rust_mozprofile81Aw7Z"
1620338941850	Marionette	INFO	Marionette enabled
console.warn: SearchSettings: "get: No settings file exists, new profile?" (new Error("", "(unknown module)"))
1620338943932	Marionette	INFO	Listening on port 52060
1620338944162	Marionette	WARN	TLS certificate errors will be ignored for this session
1620338956960	Marionette	WARN	TimedPromise timed out after 500 ms: stacktrace:
TimedPromise/<@chrome://marionette/content/sync.js:237:19
TimedPromise@chrome://marionette/content/sync.js:222:10
interaction.flushEventLoop@chrome://marionette/content/interaction.js:431:10
webdriverClickElement@chrome://marionette/content/interaction.js:179:31
1620338960054	Marionette	INFO	Stopped listening on port 52060

###!!! [Child][RunMessage] Error: Channel closing: too late to send/recv, messages will be lost

1620338983212	geckodriver	INFO	Listening on 127.0.0.1:52175
1620338986255	mozrunner::runner	INFO	Running command: "C:\\Program Files\\Mozilla Firefox\\firefox.exe" "--marionette" "-foreground" "-no-remote" "-profile" "C:\\Users\\FEDEDA~1\\AppData\\Local\\Temp\\rust_mozprofileaQTDC4"
1620338986668	Marionette	INFO	Marionette enabled
console.warn: SearchSettings: "get: No settings file exists, new profile?" (new Error("", "(unknown module)"))
1620338988911	Marionette	INFO	Listening on port 52184
1620338988933	Marionette	WARN	TLS certificate errors will be ignored for this session
1620339002216	Marionette	WARN	TimedPromise timed out after 500 ms: stacktrace:
TimedPromise/<@chrome://marionette/content/sync.js:237:19
TimedPromise@chrome://marionette/content/sync.js:222:10
interaction.flushEventLoop@chrome://marionette/content/interaction.js:431:10
webdriverClickElement@chrome://marionette/content/interaction.js:179:31
1620339003953	Marionette	WARN	TimedPromise timed out after 500 ms: stacktrace:
TimedPromise/<@chrome://marionette/content/sync.js:237:19
TimedPromise@chrome://marionette/content/sync.js:222:10
interaction.flushEventLoop@chrome://marionette/content/interaction.js:431:10
webdriverClickElement@chrome://marionette/content/interaction.js:179:31
1620339004671	Marionette	WARN	TimedPromise timed out after 500 ms: stacktrace:
TimedPromise/<@chrome://marionette/content/sync.js:237:19
TimedPromise@chrome://marionette/content/sync.js:222:10
interaction.flushEventLoop@chrome://marionette/content/interaction.js:431:10
webdriverClickElement@chrome://marionette/content/interaction.js:179:31
1620339006417	Marionette	WARN	TimedPromise timed out after 500 ms: stacktrace:
TimedPromise/<@chrome://marionette/content/sync.js:237:19
TimedPromise@chrome://marionette/content/sync.js:222:10
interaction.flushEventLoop@chrome://marionette/content/interaction.js:431:10
webdriverClickElement@chrome://marionette/content/interaction.js:179:31
1620339055065	Marionette	INFO	Stopped listening on port 52184

###!!! [Child][RunMessage] Error: Channel closing: too late to send/recv, messages will be lost

1620339067075	geckodriver	INFO	Listening on 127.0.0.1:52320
1620339070095	mozrunner::runner	INFO	Running command: "C:\\Program Files\\Mozilla Firefox\\firefox.exe" "--marionette" "-foreground" "-no-remote" "-profile" "C:\\Users\\FEDEDA~1\\AppData\\Local\\Temp\\rust_mozprofileBsIPVM"
1620339070472	Marionette	INFO	Marionette enabled
console.warn: SearchSettings: "get: No settings file exists, new profile?" (new Error("", "(unknown module)"))
1620339072893	Marionette	INFO	Listening on port 52329
1620339073272	Marionette	WARN	TLS certificate errors will be ignored for this session
1620339087791	Marionette	WARN	TimedPromise timed out after 500 ms: stacktrace:
TimedPromise/<@chrome://marionette/content/sync.js:237:19
TimedPromise@chrome://marionette/content/sync.js:222:10
interaction.flushEventLoop@chrome://marionette/content/interaction.js:431:10
webdriverClickElement@chrome://marionette/content/interaction.js:179:31
1620339089527	Marionette	WARN	TimedPromise timed out after 500 ms: stacktrace:
TimedPromise/<@chrome://marionette/content/sync.js:237:19
TimedPromise@chrome://marionette/content/sync.js:222:10
interaction.flushEventLoop@chrome://marionette/content/interaction.js:431:10
webdriverClickElement@chrome://marionette/content/interaction.js:179:31
1620339090252	Marionette	WARN	TimedPromise timed out after 500 ms: stacktrace:
TimedPromise/<@chrome://marionette/content/sync.js:237:19
TimedPromise@chrome://marionette/content/sync.js:222:10
interaction.flushEventLoop@chrome://marionette/content/interaction.js:431:10
webdriverClickElement@chrome://marionette/content/interaction.js:179:31
1620339091990	Marionette	WARN	TimedPromise timed out after 500 ms: stacktrace:
TimedPromise/<@chrome://marionette/content/sync.js:237:19
TimedPromise@chrome://marionette/content/sync.js:222:10
interaction.flushEventLoop@chrome://marionette/content/interaction.js:431:10
webdriverClickElement@chrome://marionette/content/interaction.js:179:31

###!!! [Child][RunMessage] Error: Channel closing: too late to send/recv, messages will be lost

[Parent 2008, IPC I/O Parent] WARNING: file /builds/worker/checkouts/gecko/ipc/chromium/src/base/process_util_win.cc:167
1620339182598	Marionette	INFO	Stopped listening on port 52329

###!!! [Child][RunMessage] Error: Channel closing: too late to send/recv, messages will be lost

1620339189384	geckodriver	INFO	Listening on 127.0.0.1:52505
1620339192413	mozrunner::runner	INFO	Running command: "C:\\Program Files\\Mozilla Firefox\\firefox.exe" "--marionette" "-foreground" "-no-remote" "-profile" "C:\\Users\\FEDEDA~1\\AppData\\Local\\Temp\\rust_mozprofileAviHep"
1620339192774	Marionette	INFO	Marionette enabled
console.warn: SearchSettings: "get: No settings file exists, new profile?" (new Error("", "(unknown module)"))
1620339194886	Marionette	INFO	Listening on port 52515
1620339195065	Marionette	WARN	TLS certificate errors will be ignored for this session
console.error: Region.jsm: "Error fetching region" (new Error("TIMEOUT", "resource://gre/modules/Region.jsm", 772))
console.error: Region.jsm: "Failed to fetch region" (new Error("TIMEOUT", "resource://gre/modules/Region.jsm", 419))
1620339220496	Marionette	INFO	Stopped listening on port 52515

###!!! [Child][RunMessage] Error: Channel closing: too late to send/recv, messages will be lost

1620339226909	geckodriver	INFO	Listening on 127.0.0.1:52614
1620339229965	mozrunner::runner	INFO	Running command: "C:\\Program Files\\Mozilla Firefox\\firefox.exe" "--marionette" "-foreground" "-no-remote" "-profile" "C:\\Users\\FEDEDA~1\\AppData\\Local\\Temp\\rust_mozprofileTpCJTa"
1620339230380	Marionette	INFO	Marionette enabled
console.warn: SearchSettings: "get: No settings file exists, new profile?" (new Error("", "(unknown module)"))
1620339232643	Marionette	INFO	Listening on port 52625
1620339233161	Marionette	WARN	TLS certificate errors will be ignored for this session
1620339246779	Marionette	WARN	TimedPromise timed out after 500 ms: stacktrace:
TimedPromise/<@chrome://marionette/content/sync.js:237:19
TimedPromise@chrome://marionette/content/sync.js:222:10
interaction.flushEventLoop@chrome://marionette/content/interaction.js:431:10
webdriverClickElement@chrome://marionette/content/interaction.js:179:31
1620339248501	Marionette	WARN	TimedPromise timed out after 500 ms: stacktrace:
TimedPromise/<@chrome://marionette/content/sync.js:237:19
TimedPromise@chrome://marionette/content/sync.js:222:10
interaction.flushEventLoop@chrome://marionette/content/interaction.js:431:10
webdriverClickElement@chrome://marionette/content/interaction.js:179:31
1620339249219	Marionette	WARN	TimedPromise timed out after 500 ms: stacktrace:
TimedPromise/<@chrome://marionette/content/sync.js:237:19
TimedPromise@chrome://marionette/content/sync.js:222:10
interaction.flushEventLoop@chrome://marionette/content/interaction.js:431:10
webdriverClickElement@chrome://marionette/content/interaction.js:179:31
1620339250963	Marionette	WARN	TimedPromise timed out after 500 ms: stacktrace:
TimedPromise/<@chrome://marionette/content/sync.js:237:19
TimedPromise@chrome://marionette/content/sync.js:222:10
interaction.flushEventLoop@chrome://marionette/content/interaction.js:431:10
webdriverClickElement@chrome://marionette/content/interaction.js:179:31
1620339263486	Marionette	INFO	Stopped listening on port 52625

###!!! [Child][RunMessage] Error: Channel closing: too late to send/recv, messages will be lost

1620339272739	geckodriver	INFO	Listening on 127.0.0.1:52743
1620339275804	mozrunner::runner	INFO	Running command: "C:\\Program Files\\Mozilla Firefox\\firefox.exe" "--marionette" "-foreground" "-no-remote" "-profile" "C:\\Users\\FEDEDA~1\\AppData\\Local\\Temp\\rust_mozprofileowmwLa"
1620339276173	Marionette	INFO	Marionette enabled
console.warn: SearchSettings: "get: No settings file exists, new profile?" (new Error("", "(unknown module)"))
1620339278396	Marionette	INFO	Listening on port 52753
1620339278496	Marionette	WARN	TLS certificate errors will be ignored for this session
Marionette threw an error: TypeError: browsingContextFn().currentWindowGlobal is null
getMarionetteCommandsActorProxy/get/<@chrome://marionette/content/actors/MarionetteCommandsParent.jsm:327:29


###!!! [Child][RunMessage] Error: Channel closing: too late to send/recv, messages will be lost


###!!! [Child][RunMessage] Error: Channel closing: too late to send/recv, messages will be lost


###!!! [Child][RunMessage] Error: Channel closing: too late to send/recv, messages will be lost


###!!! [Child][RunMessage] Error: Channel closing: too late to send/recv, messages will be lost

1620339280486	Marionette	INFO	Stopped listening on port 52753
1620339285230	geckodriver	INFO	Listening on 127.0.0.1:52794
1620339288263	mozrunner::runner	INFO	Running command: "C:\\Program Files\\Mozilla Firefox\\firefox.exe" "--marionette" "-foreground" "-no-remote" "-profile" "C:\\Users\\FEDEDA~1\\AppData\\Local\\Temp\\rust_mozprofileDnd6Xc"
1620339288618	Marionette	INFO	Marionette enabled
console.warn: SearchSettings: "get: No settings file exists, new profile?" (new Error("", "(unknown module)"))
1620339290884	Marionette	INFO	Listening on port 52803
1620339290946	Marionette	WARN	TLS certificate errors will be ignored for this session
1620339298372	geckodriver	INFO	Listening on 127.0.0.1:52864
1620339301402	mozrunner::runner	INFO	Running command: "C:\\Program Files\\Mozilla Firefox\\firefox.exe" "--marionette" "-foreground" "-no-remote" "-profile" "C:\\Users\\FEDEDA~1\\AppData\\Local\\Temp\\rust_mozprofilejP1Isi"
1620339301849	Marionette	INFO	Marionette enabled
console.warn: SearchSettings: "get: No settings file exists, new profile?" (new Error("", "(unknown module)"))
1620339304157	Marionette	INFO	Listening on port 52873
1620339304555	Marionette	WARN	TLS certificate errors will be ignored for this session
1620339317604	Marionette	WARN	TimedPromise timed out after 500 ms: stacktrace:
TimedPromise/<@chrome://marionette/content/sync.js:237:19
TimedPromise@chrome://marionette/content/sync.js:222:10
interaction.flushEventLoop@chrome://marionette/content/interaction.js:431:10
webdriverClickElement@chrome://marionette/content/interaction.js:179:31
1620339319340	Marionette	WARN	TimedPromise timed out after 500 ms: stacktrace:
TimedPromise/<@chrome://marionette/content/sync.js:237:19
TimedPromise@chrome://marionette/content/sync.js:222:10
interaction.flushEventLoop@chrome://marionette/content/interaction.js:431:10
webdriverClickElement@chrome://marionette/content/interaction.js:179:31
1620339320065	Marionette	WARN	TimedPromise timed out after 500 ms: stacktrace:
TimedPromise/<@chrome://marionette/content/sync.js:237:19
TimedPromise@chrome://marionette/content/sync.js:222:10
interaction.flushEventLoop@chrome://marionette/content/interaction.js:431:10
webdriverClickElement@chrome://marionette/content/interaction.js:179:31
1620339321801	Marionette	WARN	TimedPromise timed out after 500 ms: stacktrace:
TimedPromise/<@chrome://marionette/content/sync.js:237:19
TimedPromise@chrome://marionette/content/sync.js:222:10
interaction.flushEventLoop@chrome://marionette/content/interaction.js:431:10
webdriverClickElement@chrome://marionette/content/interaction.js:179:31

###!!! [Child][MessageChannel] Error: (msgtype=0x6B0027,name=PNecko::Msg_RemoveRequestContext) Channel closing: too late to send/recv, messages will be lost

1620339348666	Marionette	INFO	Stopped listening on port 52873

###!!! [Child][RunMessage] Error: Channel closing: too late to send/recv, messages will be lost

1620339367918	geckodriver	INFO	Listening on 127.0.0.1:53005
1620339370961	mozrunner::runner	INFO	Running command: "C:\\Program Files\\Mozilla Firefox\\firefox.exe" "--marionette" "-foreground" "-no-remote" "-profile" "C:\\Users\\FEDEDA~1\\AppData\\Local\\Temp\\rust_mozprofileRT7yqf"
1620339371327	Marionette	INFO	Marionette enabled
console.warn: SearchSettings: "get: No settings file exists, new profile?" (new Error("", "(unknown module)"))
1620339373528	Marionette	INFO	Listening on port 53014
1620339373624	Marionette	WARN	TLS certificate errors will be ignored for this session
1620339384832	Marionette	WARN	TimedPromise timed out after 500 ms: stacktrace:
TimedPromise/<@chrome://marionette/content/sync.js:237:19
TimedPromise@chrome://marionette/content/sync.js:222:10
interaction.flushEventLoop@chrome://marionette/content/interaction.js:431:10
webdriverClickElement@chrome://marionette/content/interaction.js:179:31
1620339386567	Marionette	WARN	TimedPromise timed out after 500 ms: stacktrace:
TimedPromise/<@chrome://marionette/content/sync.js:237:19
TimedPromise@chrome://marionette/content/sync.js:222:10
interaction.flushEventLoop@chrome://marionette/content/interaction.js:431:10
webdriverClickElement@chrome://marionette/content/interaction.js:179:31
1620339387279	Marionette	WARN	TimedPromise timed out after 500 ms: stacktrace:
TimedPromise/<@chrome://marionette/content/sync.js:237:19
TimedPromise@chrome://marionette/content/sync.js:222:10
interaction.flushEventLoop@chrome://marionette/content/interaction.js:431:10
webdriverClickElement@chrome://marionette/content/interaction.js:179:31
1620339389013	Marionette	WARN	TimedPromise timed out after 500 ms: stacktrace:
TimedPromise/<@chrome://marionette/content/sync.js:237:19
TimedPromise@chrome://marionette/content/sync.js:222:10
interaction.flushEventLoop@chrome://marionette/content/interaction.js:431:10
webdriverClickElement@chrome://marionette/content/interaction.js:179:31
[Child 6388, IPC I/O Child] WARNING: pipe error: 232: file /builds/worker/checkouts/gecko/ipc/chromium/src/chrome/common/ipc_channel_win.cc:544

###!!! [Child][MessageChannel] Error: (msgtype=0x6B0027,name=PNecko::Msg_RemoveRequestContext) Channel closing: too late to send/recv, messages will be lost

1620339513895	Marionette	INFO	Stopped listening on port 53014

###!!! [Child][RunMessage] Error: Channel closing: too late to send/recv, messages will be lost

1620339521986	geckodriver	INFO	Listening on 127.0.0.1:53208
1620339525011	mozrunner::runner	INFO	Running command: "C:\\Program Files\\Mozilla Firefox\\firefox.exe" "--marionette" "-foreground" "-no-remote" "-profile" "C:\\Users\\FEDEDA~1\\AppData\\Local\\Temp\\rust_mozprofilebdtv3K"
1620339525381	Marionette	INFO	Marionette enabled
console.warn: SearchSettings: "get: No settings file exists, new profile?" (new Error("", "(unknown module)"))
1620339527469	Marionette	INFO	Listening on port 53217
1620339527685	Marionette	WARN	TLS certificate errors will be ignored for this session
1620339539698	Marionette	WARN	TimedPromise timed out after 500 ms: stacktrace:
TimedPromise/<@chrome://marionette/content/sync.js:237:19
TimedPromise@chrome://marionette/content/sync.js:222:10
interaction.flushEventLoop@chrome://marionette/content/interaction.js:431:10
webdriverClickElement@chrome://marionette/content/interaction.js:179:31
1620339541433	Marionette	WARN	TimedPromise timed out after 500 ms: stacktrace:
TimedPromise/<@chrome://marionette/content/sync.js:237:19
TimedPromise@chrome://marionette/content/sync.js:222:10
interaction.flushEventLoop@chrome://marionette/content/interaction.js:431:10
webdriverClickElement@chrome://marionette/content/interaction.js:179:31
1620339542151	Marionette	WARN	TimedPromise timed out after 500 ms: stacktrace:
TimedPromise/<@chrome://marionette/content/sync.js:237:19
TimedPromise@chrome://marionette/content/sync.js:222:10
interaction.flushEventLoop@chrome://marionette/content/interaction.js:431:10
webdriverClickElement@chrome://marionette/content/interaction.js:179:31
1620339543880	Marionette	WARN	TimedPromise timed out after 500 ms: stacktrace:
TimedPromise/<@chrome://marionette/content/sync.js:237:19
TimedPromise@chrome://marionette/content/sync.js:222:10
interaction.flushEventLoop@chrome://marionette/content/interaction.js:431:10
webdriverClickElement@chrome://marionette/content/interaction.js:179:31

###!!! [Child][RunMessage] Error: Channel closing: too late to send/recv, messages will be lost


###!!! [Child][RunMessage] Error: Channel closing: too late to send/recv, messages will be lost


###!!! [Child][RunMessage] Error: Channel closing: too late to send/recv, messages will be lost


###!!! [Child][RunMessage] Error: Channel closing: too late to send/recv, messages will be lost


###!!! [Child][RunMessage] Error: Channel closing: too late to send/recv, messages will be lost


###!!! [Child][RunMessage] Error: Channel closing: too late to send/recv, messages will be lost


###!!! [Child][RunMessage] Error: Channel closing: too late to send/recv, messages will be lost


###!!! [Child][RunMessage] Error: Channel closing: too late to send/recv, messages will be lost

1620339550843	Marionette	INFO	Stopped listening on port 53217
1620339563632	geckodriver	INFO	Listening on 127.0.0.1:53346
1620339566689	mozrunner::runner	INFO	Running command: "C:\\Program Files\\Mozilla Firefox\\firefox.exe" "--marionette" "-foreground" "-no-remote" "-profile" "C:\\Users\\FEDEDA~1\\AppData\\Local\\Temp\\rust_mozprofile0Tr68g"
1620339567046	Marionette	INFO	Marionette enabled
console.warn: SearchSettings: "get: No settings file exists, new profile?" (new Error("", "(unknown module)"))
1620339569043	Marionette	INFO	Listening on port 53355
1620339569384	Marionette	WARN	TLS certificate errors will be ignored for this session
1620339581189	Marionette	WARN	TimedPromise timed out after 500 ms: stacktrace:
TimedPromise/<@chrome://marionette/content/sync.js:237:19
TimedPromise@chrome://marionette/content/sync.js:222:10
interaction.flushEventLoop@chrome://marionette/content/interaction.js:431:10
webdriverClickElement@chrome://marionette/content/interaction.js:179:31
1620339582926	Marionette	WARN	TimedPromise timed out after 500 ms: stacktrace:
TimedPromise/<@chrome://marionette/content/sync.js:237:19
TimedPromise@chrome://marionette/content/sync.js:222:10
interaction.flushEventLoop@chrome://marionette/content/interaction.js:431:10
webdriverClickElement@chrome://marionette/content/interaction.js:179:31
1620339583659	Marionette	WARN	TimedPromise timed out after 500 ms: stacktrace:
TimedPromise/<@chrome://marionette/content/sync.js:237:19
TimedPromise@chrome://marionette/content/sync.js:222:10
interaction.flushEventLoop@chrome://marionette/content/interaction.js:431:10
webdriverClickElement@chrome://marionette/content/interaction.js:179:31
1620339585388	Marionette	WARN	TimedPromise timed out after 500 ms: stacktrace:
TimedPromise/<@chrome://marionette/content/sync.js:237:19
TimedPromise@chrome://marionette/content/sync.js:222:10
interaction.flushEventLoop@chrome://marionette/content/interaction.js:431:10
webdriverClickElement@chrome://marionette/content/interaction.js:179:31
1620339591893	Marionette	INFO	Stopped listening on port 53355

###!!! [Child][RunMessage] Error: Channel closing: too late to send/recv, messages will be lost

1620339609902	geckodriver	INFO	Listening on 127.0.0.1:53477
1620339612928	mozrunner::runner	INFO	Running command: "C:\\Program Files\\Mozilla Firefox\\firefox.exe" "--marionette" "-foreground" "-no-remote" "-profile" "C:\\Users\\FEDEDA~1\\AppData\\Local\\Temp\\rust_mozprofile1Mt9QS"
1620339613363	Marionette	INFO	Marionette enabled
console.warn: SearchSettings: "get: No settings file exists, new profile?" (new Error("", "(unknown module)"))
1620339615429	Marionette	INFO	Listening on port 53487
1620339615588	Marionette	WARN	TLS certificate errors will be ignored for this session
1620339627199	Marionette	WARN	TimedPromise timed out after 500 ms: stacktrace:
TimedPromise/<@chrome://marionette/content/sync.js:237:19
TimedPromise@chrome://marionette/content/sync.js:222:10
interaction.flushEventLoop@chrome://marionette/content/interaction.js:431:10
webdriverClickElement@chrome://marionette/content/interaction.js:179:31
1620339628940	Marionette	WARN	TimedPromise timed out after 500 ms: stacktrace:
TimedPromise/<@chrome://marionette/content/sync.js:237:19
TimedPromise@chrome://marionette/content/sync.js:222:10
interaction.flushEventLoop@chrome://marionette/content/interaction.js:431:10
webdriverClickElement@chrome://marionette/content/interaction.js:179:31
1620339629665	Marionette	WARN	TimedPromise timed out after 500 ms: stacktrace:
TimedPromise/<@chrome://marionette/content/sync.js:237:19
TimedPromise@chrome://marionette/content/sync.js:222:10
interaction.flushEventLoop@chrome://marionette/content/interaction.js:431:10
webdriverClickElement@chrome://marionette/content/interaction.js:179:31
1620339631389	Marionette	WARN	TimedPromise timed out after 500 ms: stacktrace:
TimedPromise/<@chrome://marionette/content/sync.js:237:19
TimedPromise@chrome://marionette/content/sync.js:222:10
interaction.flushEventLoop@chrome://marionette/content/interaction.js:431:10
webdriverClickElement@chrome://marionette/content/interaction.js:179:31
1620339776145	Marionette	INFO	Stopped listening on port 53487

###!!! [Child][RunMessage] Error: Channel closing: too late to send/recv, messages will be lost

1620339782076	geckodriver	INFO	Listening on 127.0.0.1:53669
1620339785115	mozrunner::runner	INFO	Running command: "C:\\Program Files\\Mozilla Firefox\\firefox.exe" "--marionette" "-foreground" "-no-remote" "-profile" "C:\\Users\\FEDEDA~1\\AppData\\Local\\Temp\\rust_mozprofileuCaps2"
1620339785531	Marionette	INFO	Marionette enabled
console.warn: SearchSettings: "get: No settings file exists, new profile?" (new Error("", "(unknown module)"))
1620339788081	Marionette	INFO	Listening on port 53679
1620339788275	Marionette	WARN	TLS certificate errors will be ignored for this session
1620339802045	Marionette	WARN	TimedPromise timed out after 500 ms: stacktrace:
TimedPromise/<@chrome://marionette/content/sync.js:237:19
TimedPromise@chrome://marionette/content/sync.js:222:10
interaction.flushEventLoop@chrome://marionette/content/interaction.js:431:10
webdriverClickElement@chrome://marionette/content/interaction.js:179:31
1620339803779	Marionette	WARN	TimedPromise timed out after 500 ms: stacktrace:
TimedPromise/<@chrome://marionette/content/sync.js:237:19
TimedPromise@chrome://marionette/content/sync.js:222:10
interaction.flushEventLoop@chrome://marionette/content/interaction.js:431:10
webdriverClickElement@chrome://marionette/content/interaction.js:179:31
1620339804503	Marionette	WARN	TimedPromise timed out after 500 ms: stacktrace:
TimedPromise/<@chrome://marionette/content/sync.js:237:19
TimedPromise@chrome://marionette/content/sync.js:222:10
interaction.flushEventLoop@chrome://marionette/content/interaction.js:431:10
webdriverClickElement@chrome://marionette/content/interaction.js:179:31
1620339806223	Marionette	WARN	TimedPromise timed out after 500 ms: stacktrace:
TimedPromise/<@chrome://marionette/content/sync.js:237:19
TimedPromise@chrome://marionette/content/sync.js:222:10
interaction.flushEventLoop@chrome://marionette/content/interaction.js:431:10
webdriverClickElement@chrome://marionette/content/interaction.js:179:31
1620339820827	Marionette	INFO	Stopped listening on port 53679

###!!! [Child][RunMessage] Error: Channel closing: too late to send/recv, messages will be lost

1620339830316	geckodriver	INFO	Listening on 127.0.0.1:53784
1620339833356	mozrunner::runner	INFO	Running command: "C:\\Program Files\\Mozilla Firefox\\firefox.exe" "--marionette" "-foreground" "-no-remote" "-profile" "C:\\Users\\FEDEDA~1\\AppData\\Local\\Temp\\rust_mozprofileXnRUlN"
1620339833769	Marionette	INFO	Marionette enabled
1620339840246	geckodriver	INFO	Listening on 127.0.0.1:53801
1620339843291	mozrunner::runner	INFO	Running command: "C:\\Program Files\\Mozilla Firefox\\firefox.exe" "--marionette" "-foreground" "-no-remote" "-profile" "C:\\Users\\FEDEDA~1\\AppData\\Local\\Temp\\rust_mozprofile0rRQXR"
1620339843654	Marionette	INFO	Marionette enabled
console.warn: SearchSettings: "get: No settings file exists, new profile?" (new Error("", "(unknown module)"))
1620339845741	Marionette	INFO	Listening on port 53810
1620339845960	Marionette	WARN	TLS certificate errors will be ignored for this session
1620339859033	Marionette	WARN	TimedPromise timed out after 500 ms: stacktrace:
TimedPromise/<@chrome://marionette/content/sync.js:237:19
TimedPromise@chrome://marionette/content/sync.js:222:10
interaction.flushEventLoop@chrome://marionette/content/interaction.js:431:10
webdriverClickElement@chrome://marionette/content/interaction.js:179:31
1620339860768	Marionette	WARN	TimedPromise timed out after 500 ms: stacktrace:
TimedPromise/<@chrome://marionette/content/sync.js:237:19
TimedPromise@chrome://marionette/content/sync.js:222:10
interaction.flushEventLoop@chrome://marionette/content/interaction.js:431:10
webdriverClickElement@chrome://marionette/content/interaction.js:179:31
1620339861486	Marionette	WARN	TimedPromise timed out after 500 ms: stacktrace:
TimedPromise/<@chrome://marionette/content/sync.js:237:19
TimedPromise@chrome://marionette/content/sync.js:222:10
interaction.flushEventLoop@chrome://marionette/content/interaction.js:431:10
webdriverClickElement@chrome://marionette/content/interaction.js:179:31
1620339863214	Marionette	WARN	TimedPromise timed out after 500 ms: stacktrace:
TimedPromise/<@chrome://marionette/content/sync.js:237:19
TimedPromise@chrome://marionette/content/sync.js:222:10
interaction.flushEventLoop@chrome://marionette/content/interaction.js:431:10
webdriverClickElement@chrome://marionette/content/interaction.js:179:31

###!!! [Child][RunMessage] Error: Channel closing: too late to send/recv, messages will be lost

1620339874962	Marionette	INFO	Stopped listening on port 53810

###!!! [Child][RunMessage] Error: Channel closing: too late to send/recv, messages will be lost

1620339969115	geckodriver	INFO	Listening on 127.0.0.1:53973
1620339972181	mozrunner::runner	INFO	Running command: "C:\\Program Files\\Mozilla Firefox\\firefox.exe" "--marionette" "-foreground" "-no-remote" "-profile" "C:\\Users\\FEDEDA~1\\AppData\\Local\\Temp\\rust_mozprofilekFCiGW"
1620339972596	Marionette	INFO	Marionette enabled
console.warn: SearchSettings: "get: No settings file exists, new profile?" (new Error("", "(unknown module)"))
1620339974950	Marionette	INFO	Listening on port 53982
1620339975348	Marionette	WARN	TLS certificate errors will be ignored for this session

###!!! [Child][RunMessage] Error: Channel closing: too late to send/recv, messages will be lost

1620340002096	Marionette	INFO	Stopped listening on port 53982

###!!! [Child][RunMessage] Error: Channel closing: too late to send/recv, messages will be lost

1620340028683	geckodriver	INFO	Listening on 127.0.0.1:54092
1620340031766	mozrunner::runner	INFO	Running command: "C:\\Program Files\\Mozilla Firefox\\firefox.exe" "--marionette" "-foreground" "-no-remote" "-profile" "C:\\Users\\FEDEDA~1\\AppData\\Local\\Temp\\rust_mozprofile2LNCVI"
1620340032123	Marionette	INFO	Marionette enabled
console.warn: SearchSettings: "get: No settings file exists, new profile?" (new Error("", "(unknown module)"))
1620340034153	Marionette	INFO	Listening on port 54101
1620340034441	Marionette	WARN	TLS certificate errors will be ignored for this session
1620340046222	Marionette	WARN	TimedPromise timed out after 500 ms: stacktrace:
TimedPromise/<@chrome://marionette/content/sync.js:237:19
TimedPromise@chrome://marionette/content/sync.js:222:10
interaction.flushEventLoop@chrome://marionette/content/interaction.js:431:10
webdriverClickElement@chrome://marionette/content/interaction.js:179:31
1620340047957	Marionette	WARN	TimedPromise timed out after 500 ms: stacktrace:
TimedPromise/<@chrome://marionette/content/sync.js:237:19
TimedPromise@chrome://marionette/content/sync.js:222:10
interaction.flushEventLoop@chrome://marionette/content/interaction.js:431:10
webdriverClickElement@chrome://marionette/content/interaction.js:179:31
1620340048680	Marionette	WARN	TimedPromise timed out after 500 ms: stacktrace:
TimedPromise/<@chrome://marionette/content/sync.js:237:19
TimedPromise@chrome://marionette/content/sync.js:222:10
interaction.flushEventLoop@chrome://marionette/content/interaction.js:431:10
webdriverClickElement@chrome://marionette/content/interaction.js:179:31
1620340050399	Marionette	WARN	TimedPromise timed out after 500 ms: stacktrace:
TimedPromise/<@chrome://marionette/content/sync.js:237:19
TimedPromise@chrome://marionette/content/sync.js:222:10
interaction.flushEventLoop@chrome://marionette/content/interaction.js:431:10
webdriverClickElement@chrome://marionette/content/interaction.js:179:31

###!!! [Child][RunMessage] Error: Channel closing: too late to send/recv, messages will be lost

[Parent 3460, IPC I/O Parent] WARNING: file /builds/worker/checkouts/gecko/ipc/chromium/src/base/process_util_win.cc:167
1620340065310	Marionette	INFO	Stopped listening on port 54101

###!!! [Child][RunMessage] Error: Channel closing: too late to send/recv, messages will be lost

exists, new profile?" (new Error("", "(unknown module)"))
1620340062813	Marionette	INFO	Listening on port 54208
1620340062836	Marionette	WARN	TLS certificate errors will be ignored for this session
1620340081836	Marionette	INFO	Stopped listening on port 54208

###!!! [Child][RunMessage] Error: Channel closing: too late to send/recv, messages will be lost

1620340326682	geckodriver	INFO	Listening on 127.0.0.1:54602
1620340329731	mozrunner::runner	INFO	Running command: "C:\\Program Files\\Mozilla Firefox\\firefox.exe" "--marionette" "-foreground" "-no-remote" "-profile" "C:\\Users\\FEDEDA~1\\AppData\\Local\\Temp\\rust_mozprofileRJLb2O"
1620340330114	Marionette	INFO	Marionette enabled
console.warn: SearchSettings: "get: No settings file exists, new profile?" (new Error("", "(unknown module)"))
1620340332348	Marionette	INFO	Listening on port 54611
1620340332465	Marionette	WARN	TLS certificate errors will be ignored for this session
1620340431984	Marionette	INFO	Stopped listening on port 54611

###!!! [Child][RunMessage] Error: Channel closing: too late to send/recv, messages will be lost

1620418517558	geckodriver	INFO	Listening on 127.0.0.1:57048
1620418520642	mozrunner::runner	INFO	Running command: "C:\\Program Files\\Mozilla Firefox\\firefox.exe" "--marionette" "-foreground" "-no-remote" "-profile" "C:\\Users\\FEDEDA~1\\AppData\\Local\\Temp\\rust_mozprofileSrj8Sp"
1620418521859	Marionette	INFO	Marionette enabled
console.warn: SearchSettings: "get: No settings file exists, new profile?" (new Error("", "(unknown module)"))
1620418525384	Marionette	INFO	Listening on port 57056
1620418525483	Marionette	WARN	TLS certificate errors will be ignored for this session
1620418533768	Marionette	INFO	Stopped listening on port 57056

###!!! [Child][RunMessage] Error: Channel closing: too late to send/recv, messages will be lost

"--marionette" "-foreground" "-no-remote" "-profile" "C:\\Users\\FEDEDA~1\\AppData\\Local\\Temp\\rust_mozprofilex4cOre"
1620418529010	Marionette	INFO	Marionette enabled
console.warn: SearchSettings: "get: No settings file exists, new profile?" (new Error("", "(unknown module)"))
1620418530430	Marionette	INFO	Listening on port 57103
1620418530629	Marionette	WARN	TLS certificate errors will be ignored for this session
console.error: services.settings: 
  main/cfr Signature fai1620418533864	mozrunner::runner	INFO	Running command: "C:\\Program Files\\Mozilla Firefox\\firefox.exe" "--marionette" "-foreground" "-no-remote" "-profile" "C:\\Users\\FEDEDA~1\\AppData\\Local\\Temp\\rust_mozprofileMW7mEI"
1620418534366	Marionette	INFO	Marionette enabled
1620418536644	geckodriver	INFO	Listening on 127.0.0.1:57142
1620418539694	mozrunner::runner	INFO	Running command: "C:\\Program Files\\Mozilla Firefox\\firefox.exe" "--marionette" "-foreground" "-no-remote" "-profile" "C:\\Users\\FEDEDA~1\\AppData\\Local\\Temp\\rust_mozprofilerdcISY"
1620418540443	Marionette	INFO	Marionette enabled
console.warn: SearchSettings: "get: No settings file exists, new profile?" (new Error("", "(unknown module)"))
1620418542645	Marionette	INFO	Listening on port 57151
1620418542888	Marionette	WARN	TLS certificate errors will be ignored for this session
1620418559522	Marionette	INFO	Stopped listening on port 57151

###!!! [Child][RunMessage] Error: Channel closing: too late to send/recv, messages will be lost

"--marionette" "-foreground" "-no-remote" "-profile" "C:\\Users\\FEDEDA~1\\AppData\\Local\\Temp\\rust_mozprofilexEFvTh"
1620418546342	Marionette	INFO	Marionette enabled
console.warn: SearchSettings: "get: No settings file exists, new profile?" (new Error("", "(unknown module)"))
1620418548331	Marionette	INFO	Listening on port 57193
1620418548647	Marionette	WARN	TLS certificate errors will be ignored for this session
1620418560616	Marionette	INFO	Stopped listening on port 57193

###!!! [Child][RunMessage] Error: Channel closing: too late to send/recv, messages will be lost

"--marionette" "-foreground" "-no-remote" "-profile" "C:\\Users\\FEDEDA~1\\AppData\\Local\\Temp\\rust_mozprofileEgNKNs"
1620418552131	Marionette	INFO	Marionette enabled
console.warn: SearchSettings: "get: No settings file exists, new profile?" (new Error("", "(unknown module)"))
1620418554327	Marionette	INFO	Listening on port 57242
1620418554408	Marionette	WARN	TLS certificate errors will be ignored for this session
1620418561482	Marionette	INFO	Stopped listening on port 57242

###!!! [Child][RunMessage] Error: Channel closing: too late to send/recv, messages will be lost

"--marionette" "-foreground" "-no-remote" "-profile" "C:\\Users\\FEDEDA~1\\AppData\\Local\\Temp\\rust_mozprofileTVBXeH"
1620418557910	Marionette	INFO	Marionette enabled
console.warn: SearchSettings: "get: No settings file exists, new profile?" (new Error("", "(unknown module)"))
1620418560483	Marionette	INFO	Listening on port 57289
1620418560675	Marionette	WARN	TLS certificate errors will be ignored for this session
1620418563182	Marionette	INFO	Stopped listening on port 57281620418563745	mozrunner::runner	INFO	Running command: "C:\\Program Files\\Mozilla Firefox\\firefox.exe" "--marionette" "-foreground" "-no-remote" "-profile" "C:\\Users\\FEDEDA~1\\AppData\\Local\\Temp\\rust_mozprofile1OrELv"
1620418569667	geckodriver	INFO	Listening on 127.0.0.1:57325
1620418572724	mozrunner::runner	INFO	Running command: "C:\\Program Files\\Mozilla Firefox\\firefox.exe" "--marionette" "-foreground" "-no-remote" "-profile" "C:\\Users\\FEDEDA~1\\AppData\\Local\\Temp\\rust_mozprofileqQpVnf"
1620418573202	Marionette	INFO	Marionette enabled
1620418578252	geckodriver	INFO	Listening on 127.0.0.1:57338
1620418581301	mozrunner::runner	INFO	Running command: "C:\\Program Files\\Mozilla Firefox\\firefox.exe" "--marionette" "-foreground" "-no-remote" "-profile" "C:\\Users\\FEDEDA~1\\AppData\\Local\\Temp\\rust_mozprofileCLpLbH"
1620418581736	Marionette	INFO	Marionette enabled
console.warn: SearchSettings: "get: No settings file exists, new profile?" (new Error("", "(unknown module)"))
1620418584053	Marionette	INFO	Listening on port 57346
1620418584472	Marionette	WARN	TLS certificate errors will be ignored for this session
1620418599451	Marionette	WARN	TimedPromise timed out after 500 ms: stacktrace:
TimedPromise/<@chrome://marionette/content/sync.js:237:19
TimedPromise@chrome://marionette/content/sync.js:222:10
interaction.flushEventLoop@chrome://marionette/content/interaction.js:431:10
webdriverClickElement@chrome://marionette/content/interaction.js:179:31
1620418601183	Marionette	WARN	TimedPromise timed out after 500 ms: stacktrace:
TimedPromise/<@chrome://marionette/content/sync.js:237:19
TimedPromise@chrome://marionette/content/sync.js:222:10
interaction.flushEventLoop@chrome://marionette/content/interaction.js:431:10
webdriverClickElement@chrome://marionette/content/interaction.js:179:31
1620418601918	Marionette	WARN	TimedPromise timed out after 500 ms: stacktrace:
TimedPromise/<@chrome://marionette/content/sync.js:237:19
TimedPromise@chrome://marionette/content/sync.js:222:10
interaction.flushEventLoop@chrome://marionette/content/interaction.js:431:10
webdriverClickElement@chrome://marionette/content/interaction.js:179:31
1620418603657	Marionette	WARN	TimedPromise timed out after 500 ms: stacktrace:
TimedPromise/<@chrome://marionette/content/sync.js:237:19
TimedPromise@chrome://marionette/content/sync.js:222:10
interaction.flushEventLoop@chrome://marionette/content/interaction.js:431:10
webdriverClickElement@chrome://marionette/content/interaction.js:179:31
1620418959188	Marionette	INFO	Stopped listening on port 57346

###!!! [Child][RunMessage] Error: Channel closing: too late to send/recv, messages will be lost

1620418974586	geckodriver	INFO	Listening on 127.0.0.1:57497
1620419022022	geckodriver	INFO	Listening on 127.0.0.1:57505
1620419025093	mozrunner::runner	INFO	Running command: "C:\\Program Files\\Mozilla Firefox\\firefox.exe" "--marionette" "-foreground" "-no-remote" "-profile" "C:\\Users\\FEDEDA~1\\AppData\\Local\\Temp\\rust_mozprofile9chQLU"
1620419025517	Marionette	INFO	Marionette enabled
console.warn: SearchSettings: "get: No settings file exists, new profile?" (new Error("", "(unknown module)"))
1620419027965	Marionette	INFO	Listening on port 57513
1620419028275	Marionette	WARN	TLS certificate errors will be ignored for this session
1620419044239	Marionette	WARN	TimedPromise timed out after 500 ms: stacktrace:
TimedPromise/<@chrome://marionette/content/sync.js:237:19
TimedPromise@chrome://marionette/content/sync.js:222:10
interaction.flushEventLoop@chrome://marionette/content/interaction.js:431:10
webdriverClickElement@chrome://marionette/content/interaction.js:179:31
1620419045977	Marionette	WARN	TimedPromise timed out after 500 ms: stacktrace:
TimedPromise/<@chrome://marionette/content/sync.js:237:19
TimedPromise@chrome://marionette/content/sync.js:222:10
interaction.flushEventLoop@chrome://marionette/content/interaction.js:431:10
webdriverClickElement@chrome://marionette/content/interaction.js:179:31
1620419046697	Marionette	WARN	TimedPromise timed out after 500 ms: stacktrace:
TimedPromise/<@chrome://marionette/content/sync.js:237:19
TimedPromise@chrome://marionette/content/sync.js:222:10
interaction.flushEventLoop@chrome://marionette/content/interaction.js:431:10
webdriverClickElement@chrome://marionette/content/interaction.js:179:31
1620419048420	Marionette	WARN	TimedPromise timed out after 500 ms: stacktrace:
TimedPromise/<@chrome://marionette/content/sync.js:237:19
TimedPromise@chrome://marionette/content/sync.js:222:10
interaction.flushEventLoop@chrome://marionette/content/interaction.js:431:10
webdriverClickElement@chrome://marionette/content/interaction.js:179:31
1620419055220	Marionette	INFO	Stopped listening on port 57513

###!!! [Child][MessageChannel] Error: (msgtype=0x5B000D,name=PHttpChannel::Msg___delete__) Channel closing: too late to send/recv, messages will be lost


###!!! [Child][MessageChannel] Error: (msgtype=0x6B0027,name=PNecko::Msg_RemoveRequestContext) Channel closing: too late to send/recv, messages will be lost


###!!! [Child][RunMessage] Error: Channel closing: too late to send/recv, messages will be lost

1620419063767	geckodriver	INFO	Listening on 127.0.0.1:57620
1620419066805	mozrunner::runner	INFO	Running command: "C:\\Program Files\\Mozilla Firefox\\firefox.exe" "--marionette" "-foreground" "-no-remote" "-profile" "C:\\Users\\FEDEDA~1\\AppData\\Local\\Temp\\rust_mozprofileXVcUlt"
1620419067188	Marionette	INFO	Marionette enabled
console.warn: SearchSettings: "get: No settings file exists, new profile?" (new Error("", "(unknown module)"))
1620419069321	Marionette	INFO	Listening on port 57629
1620419069491	Marionette	WARN	TLS certificate errors will be ignored for this session
JavaScript error: resource://gre/modules/UrlClassifierListManager.jsm, line 691: TypeError: this.tablesData[table] is undefined
1620419082603	Marionette	INFO	Stopped listening on port 57629

###!!! [Child][RunMessage] Error: Channel closing: too late to send/recv, messages will be lost

1620419099861	geckodriver	INFO	Listening on 127.0.0.1:57702
1620419102902	mozrunner::runner	INFO	Running command: "C:\\Program Files\\Mozilla Firefox\\firefox.exe" "--marionette" "-foreground" "-no-remote" "-profile" "C:\\Users\\FEDEDA~1\\AppData\\Local\\Temp\\rust_mozprofilehRzvgJ"
1620419103292	Marionette	INFO	Marionette enabled
console.warn: SearchSettings: "get: No settings file exists, new profile?" (new Error("", "(unknown module)"))
1620419105476	Marionette	INFO	Listening on port 57710
1620419105583	Marionette	WARN	TLS certificate errors will be ignored for this session
1620419125218	Marionette	WARN	TimedPromise timed out after 500 ms: stacktrace:
TimedPromise/<@chrome://marionette/content/sync.js:237:19
TimedPromise@chrome://marionette/content/sync.js:222:10
interaction.flushEventLoop@chrome://marionette/content/interaction.js:431:10
webdriverClickElement@chrome://marionette/content/interaction.js:179:31
1620419126945	Marionette	WARN	TimedPromise timed out after 500 ms: stacktrace:
TimedPromise/<@chrome://marionette/content/sync.js:237:19
TimedPromise@chrome://marionette/content/sync.js:222:10
interaction.flushEventLoop@chrome://marionette/content/interaction.js:431:10
webdriverClickElement@chrome://marionette/content/interaction.js:179:31
1620419127668	Marionette	WARN	TimedPromise timed out after 500 ms: stacktrace:
TimedPromise/<@chrome://marionette/content/sync.js:237:19
TimedPromise@chrome://marionette/content/sync.js:222:10
interaction.flushEventLoop@chrome://marionette/content/interaction.js:431:10
webdriverClickElement@chrome://marionette/content/interaction.js:179:31
1620419129396	Marionette	WARN	TimedPromise timed out after 500 ms: stacktrace:
TimedPromise/<@chrome://marionette/content/sync.js:237:19
TimedPromise@chrome://marionette/content/sync.js:222:10
interaction.flushEventLoop@chrome://marionette/content/interaction.js:431:10
webdriverClickElement@chrome://marionette/content/interaction.js:179:31
1620419136164	Marionette	INFO	Stopped listening on port 57710

###!!! [Child][RunMessage] Error: Channel closing: too late to send/recv, messages will be lost


###!!! [Child][RunMessage] Error: Channel closing: too late to send/recv, messages will be lost

1620419544344	geckodriver	INFO	Listening on 127.0.0.1:57907
1620419558786	geckodriver	INFO	Listening on 127.0.0.1:57926
1620419561907	mozrunner::runner	INFO	Running command: "C:\\Program Files\\Mozilla Firefox\\firefox.exe" "--marionette" "-foreground" "-no-remote" "-profile" "C:\\Users\\FEDEDA~1\\AppData\\Local\\Temp\\rust_mozprofilemKK1tJ"
1620419562302	Marionette	INFO	Marionette enabled
console.warn: SearchSettings: "get: No settings file exists, new profile?" (new Error("", "(unknown module)"))
1620419564293	Marionette	INFO	Listening on port 57934
1620419564574	Marionette	WARN	TLS certificate errors will be ignored for this session
1620419566731	Marionette	INFO	Stopped listening on port 57934

###!!! [Child][RunMessage] Error: Channel closing: too late to send/recv, messages will be lost

1620419581305	geckodriver	INFO	Listening on 127.0.0.1:57975
1620419584433	mozrunner::runner	INFO	Running command: "C:\\Program Files\\Mozilla Firefox\\firefox.exe" "--marionette" "-foreground" "-no-remote" "-profile" "C:\\Users\\FEDEDA~1\\AppData\\Local\\Temp\\rust_mozprofile8bSgP9"
1620419584813	Marionette	INFO	Marionette enabled
console.warn: SearchSettings: "get: No settings file exists, new profile?" (new Error("", "(unknown module)"))
1620419586883	Marionette	INFO	Listening on port 57983
1620419587120	Marionette	WARN	TLS certificate errors will be ignored for this session
[Parent 12672, IPC I/O Parent] WARNING: file /builds/worker/checkouts/gecko/ipc/chromium/src/base/process_util_win.cc:167
1620419659801	Marionette	INFO	Stopped listening on port 57983

###!!! [Child][RunMessage] Error: Channel closing: too late to send/recv, messages will be lost

1620420109365	geckodriver	INFO	Listening on 127.0.0.1:58114
1620420112440	mozrunner::runner	INFO	Running command: "C:\\Program Files\\Mozilla Firefox\\firefox.exe" "--marionette" "-foreground" "-no-remote" "-profile" "C:\\Users\\FEDEDA~1\\AppData\\Local\\Temp\\rust_mozprofileCI8IJo"
1620420112855	Marionette	INFO	Marionette enabled
console.warn: SearchSettings: "get: No settings file exists, new profile?" (new Error("", "(unknown module)"))
1620420115071	Marionette	INFO	Listening on port 58122
1620420115114	Marionette	WARN	TLS certificate errors will be ignored for this session
1620420115117	Marionette	INFO	Proxy settings initialised: {"proxyType":"manual","httpProxy":"127.0.0.1:58113","noProxy":[],"sslProxy":"127.0.0.1:58113"}
console.error: services.settings: 
  main/fxmonitor-breaches Signature failed  TypeError: NetworkError when attempting to fetch resource.
1620420130518	Marionette	INFO	Stopped listening on port 58122

###!!! [Child][RunMessage] Error: Channel closing: too late to send/recv, messages will be lost

1620493252824	geckodriver	INFO	Listening on 127.0.0.1:51515
1620493315999	geckodriver	INFO	Listening on 127.0.0.1:51589
1620493343515	geckodriver	INFO	Listening on 127.0.0.1:51603
1620493633097	geckodriver	INFO	Listening on 127.0.0.1:51748
1620493636174	mozrunner::runner	INFO	Running command: "C:\\Program Files\\Mozilla Firefox\\firefox.exe" "--marionette" "-foreground" "-no-remote" "-profile" "C:\\Users\\FEDEPR~1\\AppData\\Local\\Temp\\rust_mozprofileFw0lbU"
1620493636751	Marionette	INFO	Marionette enabled
console.warn: SearchSettings: "get: No settings file exists, new profile?" (new Error("", "(unknown module)"))
1620493639695	Marionette	INFO	Listening on port 51756
1620493640039	Marionette	WARN	TLS certificate errors will be ignored for this session
1620493640043	Marionette	INFO	Proxy settings initialised: {"proxyType":"manual","httpProxy":"127.0.0.1:51747","noProxy":[],"sslProxy":"127.0.0.1:51747"}
1620493689698	Marionette	INFO	Stopped listening on port 51756

###!!! [Child][RunMessage] Error: Channel closing: too late to send/recv, messages will be lost

1620493695413	geckodriver	INFO	Listening on 127.0.0.1:51804
1620493702736	geckodriver	INFO	Listening on 127.0.0.1:51812
1620493705803	mozrunner::runner	INFO	Running command: "C:\\Program Files\\Mozilla Firefox\\firefox.exe" "--marionette" "-foreground" "-no-remote" "-profile" "C:\\Users\\FEDEPR~1\\AppData\\Local\\Temp\\rust_mozprofileRcXlGU"
1620493706323	Marionette	INFO	Marionette enabled
console.warn: SearchSettings: "get: No settings file exists, new profile?" (new Error("", "(unknown module)"))
1620493708879	Marionette	INFO	Listening on port 51820
1620493709054	Marionette	WARN	TLS certificate errors will be ignored for this session
1620493709058	Marionette	INFO	Proxy settings initialised: {"proxyType":"manual","httpProxy":"127.0.0.1:51811","noProxy":[],"sslProxy":"127.0.0.1:51811"}
console.error: services.settings: 
  main/fxmonitor-breaches Signature failed  TypeError: NetworkError when attempting to fetch resource.
1620493802322	Marionette	INFO	Stopped listening on port 51820

###!!! [Child][RunMessage] Error: Channel closing: too late to send/recv, messages will be lost

1620493834366	geckodriver	INFO	Listening on 127.0.0.1:51965
1620493837390	mozrunner::runner	INFO	Running command: "C:\\Program Files\\Mozilla Firefox\\firefox.exe" "--marionette" "-foreground" "-no-remote" "-profile" "C:\\Users\\FEDEPR~1\\AppData\\Local\\Temp\\rust_mozprofile4HGPjs"
1620493837977	Marionette	INFO	Marionette enabled
console.warn: SearchSettings: "get: No settings file exists, new profile?" (new Error("", "(unknown module)"))
1620493840709	Marionette	INFO	Listening on port 51974
1620493840749	Marionette	WARN	TLS certificate errors will be ignored for this session
1620493840754	Marionette	INFO	Proxy settings initialised: {"proxyType":"manual","httpProxy":"127.0.0.1:51964","noProxy":[],"sslProxy":"127.0.0.1:51964"}
1620493857977	Marionette	INFO	Stopped listening on port 51974

###!!! [Child][RunMessage] Error: Channel closing: too late to send/recv, messages will be lost

1620494148159	geckodriver	INFO	Listening on 127.0.0.1:52106
1620494151236	mozrunner::runner	INFO	Running command: "C:\\Program Files\\Mozilla Firefox\\firefox.exe" "--marionette" "-foreground" "-no-remote" "-profile" "C:\\Users\\FEDEPR~1\\AppData\\Local\\Temp\\rust_mozprofilewNcUga"
1620494151780	Marionette	INFO	Marionette enabled
console.warn: SearchSettings: "get: No settings file exists, new profile?" (new Error("", "(unknown module)"))
1620494154263	Marionette	INFO	Listening on port 52114
1620494154519	Marionette	WARN	TLS certificate errors will be ignored for this session
1620494154524	Marionette	INFO	Proxy settings initialised: {"proxyType":"manual","httpProxy":"127.0.0.1:52105","noProxy":[],"sslProxy":"127.0.0.1:52105"}
console.error: services.settings: 
  main/fxmonitor-breaches Signature failed  TypeError: NetworkError when attempting to fetch resource.
1620494183525	Marionette	INFO	Stopped listening on port 52114
1620496386276	geckodriver	INFO	Listening on 127.0.0.1:51099
1620496389195	mozrunner::runner	INFO	Running command: "C:\\Program Files\\Mozilla Firefox\\firefox.exe" "--marionette" "-foreground" "-no-remote" "-profile" "C:\\Users\\FEDEPR~1\\AppData\\Local\\Temp\\rust_mozprofilepJyiGz"
1620496389822	Marionette	INFO	Marionette enabled
console.warn: SearchSettings: "get: No settings file exists, new profile?" (new Error("", "(unknown module)"))
1620496392847	Marionette	INFO	Listening on port 51118
1620496393039	Marionette	WARN	TLS certificate errors will be ignored for this session
1620496393043	Marionette	INFO	Proxy settings initialised: {"proxyType":"manual","httpProxy":"127.0.0.1:51098","noProxy":[],"sslProxy":"127.0.0.1:51098"}

###!!! [Child][MessageChannel] Error: (msgtype=0x5B000D,name=PHttpChannel::Msg___delete__) Channel closing: too late to send/recv, messages will be lost


###!!! [Child][MessageChannel] Error: (msgtype=0x3A0141,name=PContent::Msg_ScriptError) Channel closing: too late to send/recv, messages will be lost


###!!! [Child][MessageChannel] Error: (msgtype=0x6B0016,name=PNecko::Msg_PredLearn) Channel closing: too late to send/recv, messages will be lost


###!!! [Child][MessageChannel] Error: (msgtype=0x3A0141,name=PContent::Msg_ScriptError) Channel closing: too late to send/recv, messages will be lost


###!!! [Child][MessageChannel] Error: (msgtype=0x3A0141,name=PContent::Msg_ScriptError) Channel closing: too late to send/recv, messages will be lost


###!!! [Child][RunMessage] Error: Channel closing: too late to send/recv, messages will be lost


###!!! [Child][MessageChannel] Error: (msgtype=0x3A0141,name=PContent::Msg_ScriptError) Channel closing: too late to send/recv, messages will be lost


###!!! [Child][MessageChannel] Error: (msgtype=0x6B0016,name=PNecko::Msg_PredLearn) Channel closing: too late to send/recv, messages will be lost


###!!! [Child][MessageChannel] Error: (msgtype=0x3A0141,name=PContent::Msg_ScriptError) Channel closing: too late to send/recv, messages will be lost


###!!! [Child][MessageChannel] Error: (msgtype=0x3A0141,name=PContent::Msg_ScriptError) Channel closing: too late to send/recv, messages will be lost


###!!! [Child][RunMessage] Error: Channel closing: too late to send/recv, messages will be lost


###!!! [Child][MessageChannel] Error: (msgtype=0x3A0141,name=PContent::Msg_ScriptError) Channel closing: too late to send/recv, messages will be lost


###!!! [Child][RunMessage] Error: Channel closing: too late to send/recv, messages will be lost


###!!! [Child][MessageChannel] Error: (msgtype=0x3A0141,name=PContent::Msg_ScriptError) Channel closing: too late to send/recv, messages will be lost


###!!! [Child][MessageChannel] Error: (msgtype=0x6B0016,name=PNecko::Msg_PredLearn) Channel closing: too late to send/recv, messages will be lost


###!!! [Child][MessageChannel] Error: (msgtype=0x3A0141,name=PContent::Msg_ScriptError) Channel closing: too late to send/recv, messages will be lost


###!!! [Child][MessageChannel] Error: (msgtype=0x3A0141,name=PContent::Msg_ScriptError) Channel closing: too late to send/recv, messages will be lost


###!!! [Child][RunMessage] Error: Channel closing: too late to send/recv, messages will be lost


###!!! [Child][MessageChannel] Error: (msgtype=0x3A0141,name=PContent::Msg_ScriptError) Channel closing: too late to send/recv, messages will be lost


###!!! [Child][MessageChannel] Error: (msgtype=0x6B0016,name=PNecko::Msg_PredLearn) Channel closing: too late to send/recv, messages will be lost


###!!! [Child][MessageChannel] Error: (msgtype=0x3A0141,name=PContent::Msg_ScriptError) Channel closing: too late to send/recv, messages will be lost


###!!! [Child][MessageChannel] Error: (msgtype=0x3A0141,name=PContent::Msg_ScriptError) Channel closing: too late to send/recv, messages will be lost


###!!! [Child][RunMessage] Error: Channel closing: too late to send/recv, messages will be lost


###!!! [Child][RunMessage] Error: Channel closing: too late to send/recv, messages will be lost


###!!! [Child][RunMessage] Error: Channel closing: too late to send/recv, messages will be lost

1620496410012	Marionette	INFO	Stopped listening on port 51118

###!!! [Child][RunMessage] Error: Channel closing: too late to send/recv, messages will be lost

1620652444584	geckodriver	INFO	Listening on 127.0.0.1:50065
1620652447687	mozrunner::runner	INFO	Running command: "C:\\Program Files\\Mozilla Firefox\\firefox.exe" "--marionette" "-foreground" "-no-remote" "-profile" "C:\\Users\\FEDEPR~1\\AppData\\Local\\Temp\\rust_mozprofile2ChrcI"
1620652449001	Marionette	INFO	Marionette enabled
console.warn: SearchSettings: "get: No settings file exists, new profile?" (new Error("", "(unknown module)"))
1620652453704	Marionette	INFO	Listening on port 50084
1620652454041	Marionette	WARN	TLS certificate errors will be ignored for this session
1620652454045	Marionette	INFO	Proxy settings initialised: {"proxyType":"manual","httpProxy":"127.0.0.1:50064","noProxy":[],"sslProxy":"127.0.0.1:50064"}
console.error: Region.jsm: "Error fetching region" (new TypeError("NetworkError when attempting to fetch resource.", ""))
console.error: Region.jsm: "Failed to fetch region" (new Error("NO_RESULT", "resource://gre/modules/Region.jsm", 419))
JavaScript error: , line 0: AbortError: A request was aborted, for example through a call to IDBTransaction.abort.
1620652456654	Marionette	INFO	Stopped listening on port 50084

###!!! [Child][RunMessage] Error: Channel closing: too late to send/recv, messages will be lost

